#
# A fatal error has been detected by the Java Runtime Environment:
#
#  EXCEPTION_ACCESS_VIOLATION (0xc0000005) at pc=0x0000000071826292, pid=1140, tid=0x0000000000003f4c
#
# JRE version: Java(TM) SE Runtime Environment (8.0_202-b08) (build 1.8.0_202-b08)
# Java VM: Java HotSpot(TM) 64-Bit Server VM (25.202-b08 mixed mode windows-amd64 compressed oops)
# Problematic frame:
# V  [jvm.dll+0x146292]
#
# Failed to write core dump. Minidumps are not enabled by default on client versions of Windows
#
# If you would like to submit a bug report, please visit:
#   http://bugreport.java.com/bugreport/crash.jsp
#

---------------  T H R E A D  ---------------

Current thread (0x000000001ba06800):  JavaThread "main" [_thread_in_vm, id=16204, stack(0x000000001d580000,0x000000001d680000)]

siginfo: ExceptionCode=0xc0000005, reading address 0x0000000000000000

Registers:
RAX=0x0000000000000000, RBX=0x000000001ba06800, RCX=0x0000000000000680, RDX=0x0000000000000000
RSP=0x000000001d67c360, RBP=0x0000000000000000, RSI=0x0000000000000000, RDI=0x0000000000000000
R8 =0x0000000000000000, R9 =0x0000000000000000, R10=0x0000000002528c3b, R11=0x000000007190cf20
R12=0x0000000000000000, R13=0x0000000000000000, R14=0x0000000000000000, R15=0x0000000000000000
RIP=0x0000000071826292, EFLAGS=0x0000000000010202

Top of Stack: (sp=0x000000001d67c360)
0x000000001d67c360:   00000000235a0038 00000000000000b7
0x000000001d67c370:   0000000000000000 0000000000000000
0x000000001d67c380:   000000001ba06800 0000000000000000
0x000000001d67c390:   000000001d263160 000000007179d9ec
0x000000001d67c3a0:   000000001d67c988 000000001d67c4a0
0x000000001d67c3b0:   000000002355a3d8 000000002355a3d8
0x000000001d67c3c0:   00000000000000b7 000000001ba06800
0x000000001d67c3d0:   0000000000000000 00007ffeefc568d5
0x000000001d67c3e0:   000000001d67c4e8 000000001ba069f8
0x000000001d67c3f0:   0000000023557bc8 0000000000000000
0x000000001d67c400:   fffffffe00000000 0000000000000000
0x000000001d67c410:   0000000000000000 000000001d67c510
0x000000001d67c420:   000000001ba06800 000000001d67c580
0x000000001d67c430:   000000001ba06800 000000001d67c518
0x000000001d67c440:   0000000023557d80 0000000000000000
0x000000001d67c450:   000000000000002e 0000000040000020 

Instructions: (pc=0x0000000071826292)
0x0000000071826272:   89 5c 24 20 48 89 74 24 28 48 39 73 08 74 0a 48
0x0000000071826282:   8d 4c 24 20 e8 25 8b 13 00 40 38 35 ae 06 6d 00
0x0000000071826292:   48 8b 3f 48 63 05 f8 65 6b 00 74 1b 8b 0c 38 85
0x00000000718262a2:   c9 74 7c 8b c1 8b 0d ab 35 66 00 48 d3 e0 48 03 


Register to memory mapping:

RAX=0x0000000000000000 is an unknown value
RBX=0x000000001ba06800 is a thread
RCX=0x0000000000000680 is an unknown value
RDX=0x0000000000000000 is an unknown value
RSP=0x000000001d67c360 is pointing into the stack for thread: 0x000000001ba06800
RBP=0x0000000000000000 is an unknown value
RSI=0x0000000000000000 is an unknown value
RDI=0x0000000000000000 is an unknown value
R8 =0x0000000000000000 is an unknown value
R9 =0x0000000000000000 is an unknown value
R10=0x0000000002528c3b is at code_begin+891 in an Interpreter codelet
method entry point (kind = native)  [0x00000000025288c0, 0x0000000002529280]  2496 bytes
R11=0x000000007190cf20 is an unknown value
R12=0x0000000000000000 is an unknown value
R13=0x0000000000000000 is an unknown value
R14=0x0000000000000000 is an unknown value
R15=0x0000000000000000 is an unknown value


Stack: [0x000000001d580000,0x000000001d680000],  sp=0x000000001d67c360,  free space=1008k
Native frames: (J=compiled Java code, j=interpreted, Vv=VM code, C=native code)

Java frames: (J=compiled Java code, j=interpreted, Vv=VM code)
j  sun.security.pkcs11.wrapper.PKCS11.connect(Ljava/lang/String;Ljava/lang/String;)V+0
j  sun.security.pkcs11.wrapper.PKCS11.<init>(Ljava/lang/String;Ljava/lang/String;)V+7
j  sun.security.pkcs11.wrapper.PKCS11$SynchronizedPKCS11.<init>(Ljava/lang/String;Ljava/lang/String;)V+3
j  sun.security.pkcs11.wrapper.PKCS11.getInstance(Ljava/lang/String;Ljava/lang/String;Lsun/security/pkcs11/wrapper/CK_C_INITIALIZE_ARGS;Z)Lsun/security/pkcs11/wrapper/PKCS11;+56
j  com.zygen.etax.util.EtaxToken.getConnection(Ljava/lang/String;Ljava/lang/String;Ljava/lang/String;Ljava/lang/String;Ljava/lang/String;)V+235
j  com.zygen.etax.util.EtaxToken.init()V+46
v  ~StubRoutines::call_stub
J 4434  sun.reflect.NativeMethodAccessorImpl.invoke0(Ljava/lang/reflect/Method;Ljava/lang/Object;[Ljava/lang/Object;)Ljava/lang/Object; (0 bytes) @ 0x000000000273f17f [0x000000000273f100+0x7f]
J 4433 C1 sun.reflect.NativeMethodAccessorImpl.invoke(Ljava/lang/Object;[Ljava/lang/Object;)Ljava/lang/Object; (104 bytes) @ 0x0000000002a89464 [0x0000000002a882c0+0x11a4]
J 4718 C2 java.lang.reflect.Method.invoke(Ljava/lang/Object;[Ljava/lang/Object;)Ljava/lang/Object; (62 bytes) @ 0x00000000026c5340 [0x00000000026c52a0+0xa0]
j  org.springframework.beans.factory.annotation.InitDestroyAnnotationBeanPostProcessor$LifecycleElement.invoke(Ljava/lang/Object;)V+16
j  org.springframework.beans.factory.annotation.InitDestroyAnnotationBeanPostProcessor$LifecycleMetadata.invokeInitMethods(Ljava/lang/Object;Ljava/lang/String;)V+122
j  org.springframework.beans.factory.annotation.InitDestroyAnnotationBeanPostProcessor.postProcessBeforeInitialization(Ljava/lang/Object;Ljava/lang/String;)Ljava/lang/Object;+12
j  org.springframework.beans.factory.support.AbstractAutowireCapableBeanFactory.applyBeanPostProcessorsBeforeInitialization(Ljava/lang/Object;Ljava/lang/String;)Ljava/lang/Object;+39
j  org.springframework.beans.factory.support.AbstractAutowireCapableBeanFactory.initializeBean(Ljava/lang/String;Ljava/lang/Object;Lorg/springframework/beans/factory/support/RootBeanDefinition;)Ljava/lang/Object;+49
j  org.springframework.beans.factory.support.AbstractAutowireCapableBeanFactory.doCreateBean(Ljava/lang/String;Lorg/springframework/beans/factory/support/RootBeanDefinition;[Ljava/lang/Object;)Ljava/lang/Object;+245
j  org.springframework.beans.factory.support.AbstractAutowireCapableBeanFactory.createBean(Ljava/lang/String;Lorg/springframework/beans/factory/support/RootBeanDefinition;[Ljava/lang/Object;)Ljava/lang/Object;+169
j  org.springframework.beans.factory.support.AbstractBeanFactory.lambda$doGetBean$0(Ljava/lang/String;Lorg/springframework/beans/factory/support/RootBeanDefinition;[Ljava/lang/Object;)Ljava/lang/Object;+4
j  org.springframework.beans.factory.support.AbstractBeanFactory$$Lambda$100.getObject()Ljava/lang/Object;+16
j  org.springframework.beans.factory.support.DefaultSingletonBeanRegistry.getSingleton(Ljava/lang/String;Lorg/springframework/beans/factory/ObjectFactory;)Ljava/lang/Object;+132
j  org.springframework.beans.factory.support.AbstractBeanFactory.doGetBean(Ljava/lang/String;Ljava/lang/Class;[Ljava/lang/Object;Z)Ljava/lang/Object;+467
j  org.springframework.beans.factory.support.AbstractBeanFactory.getBean(Ljava/lang/String;)Ljava/lang/Object;+5
j  org.springframework.beans.factory.config.DependencyDescriptor.resolveCandidate(Ljava/lang/String;Ljava/lang/Class;Lorg/springframework/beans/factory/BeanFactory;)Ljava/lang/Object;+2
j  org.springframework.beans.factory.support.DefaultListableBeanFactory.doResolveDependency(Lorg/springframework/beans/factory/config/DependencyDescriptor;Ljava/lang/String;Ljava/util/Set;Lorg/springframework/beans/TypeConverter;)Ljava/lang/Object;+440
j  org.springframework.beans.factory.support.DefaultListableBeanFactory.resolveDependency(Lorg/springframework/beans/factory/config/DependencyDescriptor;Ljava/lang/String;Ljava/util/Set;Lorg/springframework/beans/TypeConverter;)Ljava/lang/Object;+108
j  org.springframework.beans.factory.annotation.AutowiredAnnotationBeanPostProcessor$AutowiredFieldElement.inject(Ljava/lang/Object;Ljava/lang/String;Lorg/springframework/beans/PropertyValues;)V+115
j  org.springframework.beans.factory.annotation.InjectionMetadata.inject(Ljava/lang/Object;Ljava/lang/String;Lorg/springframework/beans/PropertyValues;)V+116
j  org.springframework.beans.factory.annotation.AutowiredAnnotationBeanPostProcessor.postProcessProperties(Lorg/springframework/beans/PropertyValues;Ljava/lang/Object;Ljava/lang/String;)Lorg/springframework/beans/PropertyValues;+17
j  org.springframework.beans.factory.support.AbstractAutowireCapableBeanFactory.populateBean(Ljava/lang/String;Lorg/springframework/beans/factory/support/RootBeanDefinition;Lorg/springframework/beans/BeanWrapper;)V+305
j  org.springframework.beans.factory.support.AbstractAutowireCapableBeanFactory.doCreateBean(Ljava/lang/String;Lorg/springframework/beans/factory/support/RootBeanDefinition;[Ljava/lang/Object;)Ljava/lang/Object;+237
j  org.springframework.beans.factory.support.AbstractAutowireCapableBeanFactory.createBean(Ljava/lang/String;Lorg/springframework/beans/factory/support/RootBeanDefinition;[Ljava/lang/Object;)Ljava/lang/Object;+169
j  org.springframework.beans.factory.support.AbstractBeanFactory.lambda$doGetBean$0(Ljava/lang/String;Lorg/springframework/beans/factory/support/RootBeanDefinition;[Ljava/lang/Object;)Ljava/lang/Object;+4
j  org.springframework.beans.factory.support.AbstractBeanFactory$$Lambda$100.getObject()Ljava/lang/Object;+16
j  org.springframework.beans.factory.support.DefaultSingletonBeanRegistry.getSingleton(Ljava/lang/String;Lorg/springframework/beans/factory/ObjectFactory;)Ljava/lang/Object;+132
j  org.springframework.beans.factory.support.AbstractBeanFactory.doGetBean(Ljava/lang/String;Ljava/lang/Class;[Ljava/lang/Object;Z)Ljava/lang/Object;+467
j  org.springframework.beans.factory.support.AbstractBeanFactory.getBean(Ljava/lang/String;)Ljava/lang/Object;+5
j  org.springframework.beans.factory.config.DependencyDescriptor.resolveCandidate(Ljava/lang/String;Ljava/lang/Class;Lorg/springframework/beans/factory/BeanFactory;)Ljava/lang/Object;+2
j  org.springframework.beans.factory.support.DefaultListableBeanFactory.doResolveDependency(Lorg/springframework/beans/factory/config/DependencyDescriptor;Ljava/lang/String;Ljava/util/Set;Lorg/springframework/beans/TypeConverter;)Ljava/lang/Object;+440
j  org.springframework.beans.factory.support.DefaultListableBeanFactory.resolveDependency(Lorg/springframework/beans/factory/config/DependencyDescriptor;Ljava/lang/String;Ljava/util/Set;Lorg/springframework/beans/TypeConverter;)Ljava/lang/Object;+108
j  org.springframework.beans.factory.annotation.AutowiredAnnotationBeanPostProcessor$AutowiredFieldElement.inject(Ljava/lang/Object;Ljava/lang/String;Lorg/springframework/beans/PropertyValues;)V+115
j  org.springframework.beans.factory.annotation.InjectionMetadata.inject(Ljava/lang/Object;Ljava/lang/String;Lorg/springframework/beans/PropertyValues;)V+116
j  org.springframework.beans.factory.annotation.AutowiredAnnotationBeanPostProcessor.postProcessProperties(Lorg/springframework/beans/PropertyValues;Ljava/lang/Object;Ljava/lang/String;)Lorg/springframework/beans/PropertyValues;+17
j  org.springframework.beans.factory.support.AbstractAutowireCapableBeanFactory.populateBean(Ljava/lang/String;Lorg/springframework/beans/factory/support/RootBeanDefinition;Lorg/springframework/beans/BeanWrapper;)V+305
j  org.springframework.beans.factory.support.AbstractAutowireCapableBeanFactory.doCreateBean(Ljava/lang/String;Lorg/springframework/beans/factory/support/RootBeanDefinition;[Ljava/lang/Object;)Ljava/lang/Object;+237
j  org.springframework.beans.factory.support.AbstractAutowireCapableBeanFactory.createBean(Ljava/lang/String;Lorg/springframework/beans/factory/support/RootBeanDefinition;[Ljava/lang/Object;)Ljava/lang/Object;+169
j  org.springframework.beans.factory.support.AbstractBeanFactory.lambda$doGetBean$0(Ljava/lang/String;Lorg/springframework/beans/factory/support/RootBeanDefinition;[Ljava/lang/Object;)Ljava/lang/Object;+4
j  org.springframework.beans.factory.support.AbstractBeanFactory$$Lambda$100.getObject()Ljava/lang/Object;+16
j  org.springframework.beans.factory.support.DefaultSingletonBeanRegistry.getSingleton(Ljava/lang/String;Lorg/springframework/beans/factory/ObjectFactory;)Ljava/lang/Object;+132
j  org.springframework.beans.factory.support.AbstractBeanFactory.doGetBean(Ljava/lang/String;Ljava/lang/Class;[Ljava/lang/Object;Z)Ljava/lang/Object;+467
j  org.springframework.beans.factory.support.AbstractBeanFactory.getBean(Ljava/lang/String;)Ljava/lang/Object;+5
j  org.springframework.beans.factory.support.DefaultListableBeanFactory.preInstantiateSingletons()V+248
j  org.springframework.context.support.AbstractApplicationContext.finishBeanFactoryInitialization(Lorg/springframework/beans/factory/config/ConfigurableListableBeanFactory;)V+124
j  org.springframework.context.support.AbstractApplicationContext.refresh()V+54
j  org.springframework.boot.web.servlet.context.ServletWebServerApplicationContext.refresh()V+1
j  org.springframework.boot.SpringApplication.refresh(Lorg/springframework/context/ApplicationContext;)V+10
j  org.springframework.boot.SpringApplication.refreshContext(Lorg/springframework/context/ConfigurableApplicationContext;)V+2
j  org.springframework.boot.SpringApplication.run([Ljava/lang/String;)Lorg/springframework/context/ConfigurableApplicationContext;+118
j  org.springframework.boot.SpringApplication.run([Ljava/lang/Class;[Ljava/lang/String;)Lorg/springframework/context/ConfigurableApplicationContext;+9
j  org.springframework.boot.SpringApplication.run(Ljava/lang/Class;[Ljava/lang/String;)Lorg/springframework/context/ConfigurableApplicationContext;+9
j  com.zygen.etax.EtaxApplication.main([Ljava/lang/String;)V+3
v  ~StubRoutines::call_stub
j  sun.reflect.NativeMethodAccessorImpl.invoke0(Ljava/lang/reflect/Method;Ljava/lang/Object;[Ljava/lang/Object;)Ljava/lang/Object;+0
j  sun.reflect.NativeMethodAccessorImpl.invoke(Ljava/lang/Object;[Ljava/lang/Object;)Ljava/lang/Object;+100
J 1803 C1 sun.reflect.DelegatingMethodAccessorImpl.invoke(Ljava/lang/Object;[Ljava/lang/Object;)Ljava/lang/Object; (10 bytes) @ 0x0000000002b47bc4 [0x0000000002b47ac0+0x104]
J 1894 C1 java.lang.reflect.Method.invoke(Ljava/lang/Object;[Ljava/lang/Object;)Ljava/lang/Object; (62 bytes) @ 0x0000000002b858ac [0x0000000002b854c0+0x3ec]
j  org.springframework.boot.maven.AbstractRunMojo$LaunchRunner.run()V+63
j  java.lang.Thread.run()V+11
v  ~StubRoutines::call_stub

---------------  P R O C E S S  ---------------

Java Threads: ( => current thread )
  0x000000001dfab800 JavaThread "container-0" [_thread_blocked, id=11748, stack(0x00000000233c0000,0x00000000234c0000)]
  0x000000001e5ee800 JavaThread "Catalina-utility-2" [_thread_blocked, id=13176, stack(0x00000000229e0000,0x0000000022ae0000)]
  0x00000000228ce000 JavaThread "Catalina-utility-1" [_thread_blocked, id=15008, stack(0x0000000021080000,0x0000000021180000)]
=>0x000000001ba06800 JavaThread "main" [_thread_in_vm, id=16204, stack(0x000000001d580000,0x000000001d680000)]
  0x00000000192ee800 JavaThread "Service Thread" daemon [_thread_blocked, id=15192, stack(0x0000000019f40000,0x000000001a040000)]
  0x00000000192b0000 JavaThread "C1 CompilerThread3" daemon [_thread_blocked, id=18100, stack(0x0000000019e40000,0x0000000019f40000)]
  0x00000000192a0000 JavaThread "C2 CompilerThread2" daemon [_thread_in_native, id=5580, stack(0x0000000019d40000,0x0000000019e40000)]
  0x000000001925b000 JavaThread "C2 CompilerThread1" daemon [_thread_blocked, id=8300, stack(0x0000000019c40000,0x0000000019d40000)]
  0x0000000019258000 JavaThread "C2 CompilerThread0" daemon [_thread_in_native, id=3860, stack(0x0000000019b40000,0x0000000019c40000)]
  0x0000000019252800 JavaThread "Attach Listener" daemon [_thread_blocked, id=16556, stack(0x0000000019a40000,0x0000000019b40000)]
  0x0000000019251000 JavaThread "Signal Dispatcher" daemon [_thread_blocked, id=16680, stack(0x0000000019940000,0x0000000019a40000)]
  0x0000000019241000 JavaThread "Finalizer" daemon [_thread_blocked, id=11456, stack(0x0000000019720000,0x0000000019820000)]
  0x0000000019240800 JavaThread "Reference Handler" daemon [_thread_blocked, id=18860, stack(0x0000000019620000,0x0000000019720000)]
  0x0000000002402800 JavaThread "main" [_thread_blocked, id=2332, stack(0x00000000022e0000,0x00000000023e0000)]

Other Threads:
  0x0000000017449800 VMThread [stack: 0x0000000019120000,0x0000000019220000] [id=14348]
  0x00000000192f1000 WatcherThread [stack: 0x000000001a040000,0x000000001a140000] [id=10752]

VM state:not at safepoint (normal execution)

VM Mutex/Monitor currently owned by a thread: None

heap address: 0x0000000082400000, size: 2012 MB, Compressed Oops mode: 32-bit
Narrow klass base: 0x0000000000000000, Narrow klass shift: 3
Compressed class space size: 1073741824 Address: 0x0000000100000000

Heap:
 PSYoungGen      total 199680K, used 112557K [0x00000000d6180000, 0x00000000e7f80000, 0x0000000100000000)
  eden space 184320K, 61% used [0x00000000d6180000,0x00000000dcf6b6d8,0x00000000e1580000)
  from space 15360K, 0% used [0x00000000e7080000,0x00000000e7080000,0x00000000e7f80000)
  to   space 17408K, 0% used [0x00000000e5d80000,0x00000000e5d80000,0x00000000e6e80000)
 ParOldGen       total 132608K, used 36823K [0x0000000082400000, 0x000000008a580000, 0x00000000d6180000)
  object space 132608K, 27% used [0x0000000082400000,0x00000000847f5ec8,0x000000008a580000)
 Metaspace       used 46478K, capacity 48226K, committed 48384K, reserved 1091584K
  class space    used 5897K, capacity 6336K, committed 6400K, reserved 1048576K

Card table byte_map: [0x00000000118d0000,0x0000000011cc0000] byte_map_base: 0x00000000114be000

Marking Bits: (ParMarkBitMap*) 0x0000000071f05ce0
 Begin Bits: [0x0000000012760000, 0x00000000146d0000)
 End Bits:   [0x00000000146d0000, 0x0000000016640000)

Polling page: 0x00000000023e0000

CodeCache: size=245760Kb used=17792Kb max_used=18158Kb free=227967Kb
 bounds [0x0000000002510000, 0x00000000036e0000, 0x0000000011510000]
 total_blobs=5502 nmethods=5033 adapters=381
 compilation: enabled

Compilation events (10 events):
Event: 6.289 Thread 0x00000000192b0000 5843       3       java.math.MutableBigInteger::mulsub (110 bytes)
Event: 6.289 Thread 0x00000000192b0000 nmethod 5843 0x00000000029c5250 code [0x00000000029c53c0, 0x00000000029c56d0]
Event: 6.291 Thread 0x00000000192b0000 5844       1       java.net.URI::getScheme (5 bytes)
Event: 6.291 Thread 0x00000000192b0000 nmethod 5844 0x0000000002636250 code [0x00000000026363a0, 0x00000000026364b0]
Event: 6.292 Thread 0x00000000192b0000 5845       3       java.net.URI::decode (370 bytes)
Event: 6.293 Thread 0x000000001925b000 nmethod 5837 0x0000000002a81c50 code [0x0000000002a81da0, 0x0000000002a821d8]
Event: 6.294 Thread 0x000000001925b000 5835   !   4       java.lang.StringCoding::decode (120 bytes)
Event: 6.297 Thread 0x00000000192b0000 nmethod 5845 0x00000000030af1d0 code [0x00000000030af6e0, 0x00000000030b3478]
Event: 6.298 Thread 0x00000000192b0000 5846       1       java.util.ResourceBundle$CacheKey::hashCode (5 bytes)
Event: 6.298 Thread 0x00000000192b0000 nmethod 5846 0x0000000003161690 code [0x00000000031617e0, 0x00000000031618f0]

GC Heap History (10 events):
Event: 3.109 GC heap before
{Heap before GC invocations=6 (full 0):
 PSYoungGen      total 70656K, used 70624K [0x00000000d6180000, 0x00000000dfc80000, 0x0000000100000000)
  eden space 65536K, 100% used [0x00000000d6180000,0x00000000da180000,0x00000000da180000)
  from space 5120K, 99% used [0x00000000da180000,0x00000000da678040,0x00000000da680000)
  to   space 13824K, 0% used [0x00000000def00000,0x00000000def00000,0x00000000dfc80000)
 ParOldGen       total 86016K, used 16923K [0x0000000082400000, 0x0000000087800000, 0x00000000d6180000)
  object space 86016K, 19% used [0x0000000082400000,0x0000000083486f80,0x0000000087800000)
 Metaspace       used 17466K, capacity 17810K, committed 18176K, reserved 1064960K
  class space    used 2037K, capacity 2189K, committed 2304K, reserved 1048576K
Event: 3.120 GC heap after
Heap after GC invocations=6 (full 0):
 PSYoungGen      total 144896K, used 10345K [0x00000000d6180000, 0x00000000dfc80000, 0x0000000100000000)
  eden space 131072K, 0% used [0x00000000d6180000,0x00000000d6180000,0x00000000de180000)
  from space 13824K, 74% used [0x00000000def00000,0x00000000df91a5e0,0x00000000dfc80000)
  to   space 13824K, 0% used [0x00000000de180000,0x00000000de180000,0x00000000def00000)
 ParOldGen       total 86016K, used 16931K [0x0000000082400000, 0x0000000087800000, 0x00000000d6180000)
  object space 86016K, 19% used [0x0000000082400000,0x0000000083488f80,0x0000000087800000)
 Metaspace       used 17466K, capacity 17810K, committed 18176K, reserved 1064960K
  class space    used 2037K, capacity 2189K, committed 2304K, reserved 1048576K
}
Event: 3.930 GC heap before
{Heap before GC invocations=7 (full 0):
 PSYoungGen      total 144896K, used 90022K [0x00000000d6180000, 0x00000000dfc80000, 0x0000000100000000)
  eden space 131072K, 60% used [0x00000000d6180000,0x00000000daf4f5c8,0x00000000de180000)
  from space 13824K, 74% used [0x00000000def00000,0x00000000df91a5e0,0x00000000dfc80000)
  to   space 13824K, 0% used [0x00000000de180000,0x00000000de180000,0x00000000def00000)
 ParOldGen       total 86016K, used 16931K [0x0000000082400000, 0x0000000087800000, 0x00000000d6180000)
  object space 86016K, 19% used [0x0000000082400000,0x0000000083488f80,0x0000000087800000)
 Metaspace       used 20534K, capacity 21184K, committed 21296K, reserved 1069056K
  class space    used 2427K, capacity 2662K, committed 2688K, reserved 1048576K
Event: 3.947 GC heap after
Heap after GC invocations=7 (full 0):
 PSYoungGen      total 144896K, used 13170K [0x00000000d6180000, 0x00000000e7f80000, 0x0000000100000000)
  eden space 131072K, 0% used [0x00000000d6180000,0x00000000d6180000,0x00000000de180000)
  from space 13824K, 95% used [0x00000000de180000,0x00000000dee5c9f0,0x00000000def00000)
  to   space 15360K, 0% used [0x00000000e7080000,0x00000000e7080000,0x00000000e7f80000)
 ParOldGen       total 86016K, used 18746K [0x0000000082400000, 0x0000000087800000, 0x00000000d6180000)
  object space 86016K, 21% used [0x0000000082400000,0x000000008364e850,0x0000000087800000)
 Metaspace       used 20534K, capacity 21184K, committed 21296K, reserved 1069056K
  class space    used 2427K, capacity 2662K, committed 2688K, reserved 1048576K
}
Event: 3.947 GC heap before
{Heap before GC invocations=8 (full 1):
 PSYoungGen      total 144896K, used 13170K [0x00000000d6180000, 0x00000000e7f80000, 0x0000000100000000)
  eden space 131072K, 0% used [0x00000000d6180000,0x00000000d6180000,0x00000000de180000)
  from space 13824K, 95% used [0x00000000de180000,0x00000000dee5c9f0,0x00000000def00000)
  to   space 15360K, 0% used [0x00000000e7080000,0x00000000e7080000,0x00000000e7f80000)
 ParOldGen       total 86016K, used 18746K [0x0000000082400000, 0x0000000087800000, 0x00000000d6180000)
  object space 86016K, 21% used [0x0000000082400000,0x000000008364e850,0x0000000087800000)
 Metaspace       used 20534K, capacity 21184K, committed 21296K, reserved 1069056K
  class space    used 2427K, capacity 2662K, committed 2688K, reserved 1048576K
Event: 4.045 GC heap after
Heap after GC invocations=8 (full 1):
 PSYoungGen      total 144896K, used 0K [0x00000000d6180000, 0x00000000e7f80000, 0x0000000100000000)
  eden space 131072K, 0% used [0x00000000d6180000,0x00000000d6180000,0x00000000de180000)
  from space 13824K, 0% used [0x00000000de180000,0x00000000de180000,0x00000000def00000)
  to   space 15360K, 0% used [0x00000000e7080000,0x00000000e7080000,0x00000000e7f80000)
 ParOldGen       total 84992K, used 25174K [0x0000000082400000, 0x0000000087700000, 0x00000000d6180000)
  object space 84992K, 29% used [0x0000000082400000,0x0000000083c95aa8,0x0000000087700000)
 Metaspace       used 20534K, capacity 21184K, committed 21296K, reserved 1069056K
  class space    used 2427K, capacity 2662K, committed 2688K, reserved 1048576K
}
Event: 4.964 GC heap before
{Heap before GC invocations=9 (full 1):
 PSYoungGen      total 144896K, used 119042K [0x00000000d6180000, 0x00000000e7f80000, 0x0000000100000000)
  eden space 131072K, 90% used [0x00000000d6180000,0x00000000dd5c0868,0x00000000de180000)
  from space 13824K, 0% used [0x00000000de180000,0x00000000de180000,0x00000000def00000)
  to   space 15360K, 0% used [0x00000000e7080000,0x00000000e7080000,0x00000000e7f80000)
 ParOldGen       total 84992K, used 25174K [0x0000000082400000, 0x0000000087700000, 0x00000000d6180000)
  object space 84992K, 29% used [0x0000000082400000,0x0000000083c95aa8,0x0000000087700000)
 Metaspace       used 34317K, capacity 35300K, committed 35456K, reserved 1079296K
  class space    used 4330K, capacity 4669K, committed 4736K, reserved 1048576K
Event: 4.977 GC heap after
Heap after GC invocations=9 (full 1):
 PSYoungGen      total 199680K, used 15098K [0x00000000d6180000, 0x00000000e7f80000, 0x0000000100000000)
  eden space 184320K, 0% used [0x00000000d6180000,0x00000000d6180000,0x00000000e1580000)
  from space 15360K, 98% used [0x00000000e7080000,0x00000000e7f3ead8,0x00000000e7f80000)
  to   space 17408K, 0% used [0x00000000e5d80000,0x00000000e5d80000,0x00000000e6e80000)
 ParOldGen       total 84992K, used 25182K [0x0000000082400000, 0x0000000087700000, 0x00000000d6180000)
  object space 84992K, 29% used [0x0000000082400000,0x0000000083c97aa8,0x0000000087700000)
 Metaspace       used 34317K, capacity 35300K, committed 35456K, reserved 1079296K
  class space    used 4330K, capacity 4669K, committed 4736K, reserved 1048576K
}
Event: 4.977 GC heap before
{Heap before GC invocations=10 (full 2):
 PSYoungGen      total 199680K, used 15098K [0x00000000d6180000, 0x00000000e7f80000, 0x0000000100000000)
  eden space 184320K, 0% used [0x00000000d6180000,0x00000000d6180000,0x00000000e1580000)
  from space 15360K, 98% used [0x00000000e7080000,0x00000000e7f3ead8,0x00000000e7f80000)
  to   space 17408K, 0% used [0x00000000e5d80000,0x00000000e5d80000,0x00000000e6e80000)
 ParOldGen       total 84992K, used 25182K [0x0000000082400000, 0x0000000087700000, 0x00000000d6180000)
  object space 84992K, 29% used [0x0000000082400000,0x0000000083c97aa8,0x0000000087700000)
 Metaspace       used 34317K, capacity 35300K, committed 35456K, reserved 1079296K
  class space    used 4330K, capacity 4669K, committed 4736K, reserved 1048576K
Event: 5.029 GC heap after
Heap after GC invocations=10 (full 2):
 PSYoungGen      total 199680K, used 0K [0x00000000d6180000, 0x00000000e7f80000, 0x0000000100000000)
  eden space 184320K, 0% used [0x00000000d6180000,0x00000000d6180000,0x00000000e1580000)
  from space 15360K, 0% used [0x00000000e7080000,0x00000000e7080000,0x00000000e7f80000)
  to   space 17408K, 0% used [0x00000000e5d80000,0x00000000e5d80000,0x00000000e6e80000)
 ParOldGen       total 132608K, used 36823K [0x0000000082400000, 0x000000008a580000, 0x00000000d6180000)
  object space 132608K, 27% used [0x0000000082400000,0x00000000847f5ec8,0x000000008a580000)
 Metaspace       used 34315K, capacity 35294K, committed 35456K, reserved 1079296K
  class space    used 4330K, capacity 4668K, committed 4736K, reserved 1048576K
}

Deoptimization events (10 events):
Event: 6.218 Thread 0x000000001ba06800 Uncommon trap: reason=unstable_if action=reinterpret pc=0x000000000345e5e8 method=java.util.jar.JarFile.getInputStream(Ljava/util/zip/ZipEntry;)Ljava/io/InputStream; @ 8
Event: 6.219 Thread 0x000000001ba06800 Uncommon trap: reason=bimorphic action=maybe_recompile pc=0x00000000033739ac method=java.util.Hashtable.addEntry(ILjava/lang/Object;Ljava/lang/Object;I)V @ 28
Event: 6.221 Thread 0x000000001ba06800 Uncommon trap: reason=unstable_if action=reinterpret pc=0x0000000003625f70 method=java.util.jar.JarFile$JarFileEntry.getCodeSigners()[Ljava/security/CodeSigner; @ 24
Event: 6.221 Thread 0x000000001ba06800 Uncommon trap: reason=unstable_if action=reinterpret pc=0x0000000003682b5c method=java.security.CodeSource.getCertificates()[Ljava/security/cert/Certificate; @ 22
Event: 6.222 Thread 0x000000001ba06800 Uncommon trap: reason=unstable_if action=reinterpret pc=0x0000000002dac31c method=java.security.CodeSource.getCertificates()[Ljava/security/cert/Certificate; @ 4
Event: 6.227 Thread 0x000000001ba06800 Uncommon trap: reason=unstable_if action=reinterpret pc=0x00000000035fd57c method=java.security.CodeSource.matchCerts(Ljava/security/CodeSource;Z)Z @ 11
Event: 6.229 Thread 0x000000001ba06800 Uncommon trap: reason=unstable_if action=reinterpret pc=0x00000000035f1a3c method=java.security.CodeSource.matchCerts(Ljava/security/CodeSource;Z)Z @ 11
Event: 6.230 Thread 0x000000001ba06800 Uncommon trap: reason=unstable_if action=reinterpret pc=0x0000000002e99e74 method=java.util.HashMap.putVal(ILjava/lang/Object;Ljava/lang/Object;ZZ)Ljava/lang/Object; @ 162
Event: 6.261 Thread 0x000000001ba06800 Uncommon trap: reason=unstable_if action=reinterpret pc=0x0000000003399c3c method=java.util.jar.JarFile.maybeInstantiateVerifier()V @ 75
Event: 6.276 Thread 0x000000001ba06800 Uncommon trap: reason=unstable_if action=reinterpret pc=0x0000000003372a88 method=java.util.jar.JarFile.maybeInstantiateVerifier()V @ 75

Classes redefined (0 events):
No events

Internal exceptions (10 events):
Event: 5.550 Thread 0x000000001ba06800 Exception <a 'java/lang/ClassNotFoundException': java/lang/ObjectCustomizer> (0x00000000d98e6330) thrown at [C:\re\workspace\8-2-build-windows-amd64-cygwin\jdk8u202\12323\hotspot\src\share\vm\classfile\systemDictionary.cpp, line 210]
Event: 5.551 Thread 0x000000001ba06800 Exception <a 'java/lang/ClassNotFoundException': org/springframework/ws/config/annotation/WsConfigurationSupportCustomizer> (0x00000000d98ff4a0) thrown at [C:\re\workspace\8-2-build-windows-amd64-cygwin\jdk8u202\12323\hotspot\src\share\vm\classfile\system
Event: 5.552 Thread 0x000000001ba06800 Exception <a 'java/lang/ClassNotFoundException': org/springframework/ws/config/annotation/DelegatingWsConfigurationCustomizer> (0x00000000d9919b40) thrown at [C:\re\workspace\8-2-build-windows-amd64-cygwin\jdk8u202\12323\hotspot\src\share\vm\classfile\sys
Event: 5.552 Thread 0x000000001ba06800 Exception <a 'java/lang/ClassNotFoundException': org/springframework/ws/config/annotation/DelegatingWsConfiguration$$EnhancerBySpringCGLIB$$1fda0455Customizer> (0x00000000d993a650) thrown at [C:\re\workspace\8-2-build-windows-amd64-cygwin\jdk8u202\12323\h
Event: 5.553 Thread 0x000000001ba06800 Exception <a 'java/lang/ClassNotFoundException': org/springframework/context/annotation/ConfigurationClassEnhancer$EnhancedConfigurationCustomizer> (0x00000000d9963b38) thrown at [C:\re\workspace\8-2-build-windows-amd64-cygwin\jdk8u202\12323\hotspot\src\s
Event: 5.553 Thread 0x000000001ba06800 Exception <a 'java/lang/ClassNotFoundException': org/springframework/beans/factory/BeanFactoryAwareCustomizer> (0x00000000d99762f0) thrown at [C:\re\workspace\8-2-build-windows-amd64-cygwin\jdk8u202\12323\hotspot\src\share\vm\classfile\systemDictionary.cp
Event: 5.554 Thread 0x000000001ba06800 Exception <a 'java/lang/ClassNotFoundException': org/springframework/beans/factory/AwareCustomizer> (0x00000000d9987958) thrown at [C:\re\workspace\8-2-build-windows-amd64-cygwin\jdk8u202\12323\hotspot\src\share\vm\classfile\systemDictionary.cpp, line 210
Event: 5.554 Thread 0x000000001ba06800 Implicit null exception at 0x0000000002a923cc to 0x0000000002a92441
Event: 6.075 Thread 0x000000001ba06800 Exception <a 'java/io/FileNotFoundException'> (0x00000000dc398ef0) thrown at [C:\re\workspace\8-2-build-windows-amd64-cygwin\jdk8u202\12323\hotspot\src\share\vm\prims\jni.cpp, line 710]
Event: 6.159 Thread 0x000000001ba06800 Exception <a 'java/io/FileNotFoundException'> (0x00000000dc8ae440) thrown at [C:\re\workspace\8-2-build-windows-amd64-cygwin\jdk8u202\12323\hotspot\src\share\vm\prims\jni.cpp, line 710]

Events (10 events):
Event: 6.298 Thread 0x00000000192b0000 flushing nmethod 0x00000000032ea210
Event: 6.298 Thread 0x00000000192b0000 flushing nmethod 0x00000000032ea8d0
Event: 6.298 Thread 0x00000000192b0000 flushing nmethod 0x00000000032eb3d0
Event: 6.298 Thread 0x00000000192b0000 flushing nmethod 0x00000000032eb8d0
Event: 6.298 Thread 0x00000000192b0000 flushing nmethod 0x00000000032ed550
Event: 6.298 Thread 0x00000000192b0000 flushing nmethod 0x00000000032efe50
Event: 6.298 Thread 0x00000000192b0000 flushing nmethod 0x00000000032f8490
Event: 6.298 Thread 0x00000000192b0000 flushing nmethod 0x00000000032fa910
Event: 6.298 Thread 0x00000000192b0000 flushing nmethod 0x0000000003320a50
Event: 6.298 Thread 0x00000000192b0000 flushing nmethod 0x000000000334d690


Dynamic libraries:
0x00007ff70a200000 - 0x00007ff70a237000 	C:\Program Files\Java\jdk1.8.0_202\bin\javaw.exe
0x00007fff108d0000 - 0x00007fff10ab1000 	C:\WINDOWS\SYSTEM32\ntdll.dll
0x00007fff0e690000 - 0x00007fff0e741000 	C:\WINDOWS\System32\KERNEL32.DLL
0x00007fff0d730000 - 0x00007fff0d9a3000 	C:\WINDOWS\System32\KERNELBASE.dll
0x00007fff0e1c0000 - 0x00007fff0e261000 	C:\WINDOWS\System32\ADVAPI32.dll
0x00007fff10760000 - 0x00007fff107fe000 	C:\WINDOWS\System32\msvcrt.dll
0x00007fff0e9a0000 - 0x00007fff0e9fb000 	C:\WINDOWS\System32\sechost.dll
0x00007fff0e090000 - 0x00007fff0e1b4000 	C:\WINDOWS\System32\RPCRT4.dll
0x00007fff0e780000 - 0x00007fff0e910000 	C:\WINDOWS\System32\USER32.dll
0x00007fff0d9b0000 - 0x00007fff0d9d0000 	C:\WINDOWS\System32\win32u.dll
0x00007fff10870000 - 0x00007fff10898000 	C:\WINDOWS\System32\GDI32.dll
0x00007fff0d9d0000 - 0x00007fff0db62000 	C:\WINDOWS\System32\gdi32full.dll
0x00007fff0cd20000 - 0x00007fff0cdbf000 	C:\WINDOWS\System32\msvcp_win.dll
0x00007fff0d4d0000 - 0x00007fff0d5c8000 	C:\WINDOWS\System32\ucrtbase.dll
0x00007ffefed80000 - 0x00007ffefefe9000 	C:\WINDOWS\WinSxS\amd64_microsoft.windows.common-controls_6595b64144ccf1df_6.0.17134.765_none_fb42a1a930655896\COMCTL32.dll
0x00007fff0dd60000 - 0x00007fff0e082000 	C:\WINDOWS\System32\combase.dll
0x00007fff0cca0000 - 0x00007fff0cd1a000 	C:\WINDOWS\System32\bcryptPrimitives.dll
0x00007fff0e750000 - 0x00007fff0e77d000 	C:\WINDOWS\System32\IMM32.DLL
0x00000000722a0000 - 0x0000000072372000 	C:\Program Files\Java\jdk1.8.0_202\jre\bin\msvcr100.dll
0x00000000716e0000 - 0x0000000071f85000 	C:\Program Files\Java\jdk1.8.0_202\jre\bin\server\jvm.dll
0x00007fff0e910000 - 0x00007fff0e918000 	C:\WINDOWS\System32\PSAPI.DLL
0x00007ffee6610000 - 0x00007ffee6619000 	C:\WINDOWS\SYSTEM32\WSOCK32.dll
0x00007fff077c0000 - 0x00007fff077e3000 	C:\WINDOWS\SYSTEM32\WINMM.dll
0x00007fff10800000 - 0x00007fff1086c000 	C:\WINDOWS\System32\WS2_32.dll
0x00007fff06630000 - 0x00007fff0663a000 	C:\WINDOWS\SYSTEM32\VERSION.dll
0x00007fff06e80000 - 0x00007fff06eaa000 	C:\WINDOWS\SYSTEM32\winmmbase.dll
0x00007fff0d5d0000 - 0x00007fff0d619000 	C:\WINDOWS\System32\cfgmgr32.dll
0x00007fff075f0000 - 0x00007fff075ff000 	C:\Program Files\Java\jdk1.8.0_202\jre\bin\verify.dll
0x00007fff06de0000 - 0x00007fff06e09000 	C:\Program Files\Java\jdk1.8.0_202\jre\bin\java.dll
0x00007ffeff460000 - 0x00007ffeff476000 	C:\Program Files\Java\jdk1.8.0_202\jre\bin\zip.dll
0x00007fff0f1a0000 - 0x00007fff105e0000 	C:\WINDOWS\System32\SHELL32.dll
0x00007fff0f010000 - 0x00007fff0f0b9000 	C:\WINDOWS\System32\shcore.dll
0x00007fff0cdc0000 - 0x00007fff0d4cd000 	C:\WINDOWS\System32\windows.storage.dll
0x00007fff0e930000 - 0x00007fff0e981000 	C:\WINDOWS\System32\shlwapi.dll
0x00007fff0cc10000 - 0x00007fff0cc21000 	C:\WINDOWS\System32\kernel.appcore.dll
0x00007fff0cbf0000 - 0x00007fff0cc0f000 	C:\WINDOWS\System32\profapi.dll
0x00007fff0cc30000 - 0x00007fff0cc7c000 	C:\WINDOWS\System32\powrprof.dll
0x00007fff0cbe0000 - 0x00007fff0cbea000 	C:\WINDOWS\System32\FLTLIB.DLL
0x00007fff0c610000 - 0x00007fff0c627000 	C:\WINDOWS\SYSTEM32\CRYPTSP.dll
0x00007fff0c040000 - 0x00007fff0c073000 	C:\WINDOWS\system32\rsaenh.dll
0x00007fff0c740000 - 0x00007fff0c765000 	C:\WINDOWS\SYSTEM32\bcrypt.dll
0x00007fff0cb10000 - 0x00007fff0cb38000 	C:\WINDOWS\SYSTEM32\USERENV.dll
0x00007fff0c630000 - 0x00007fff0c63b000 	C:\WINDOWS\SYSTEM32\CRYPTBASE.dll
0x00007ffef9720000 - 0x00007ffef973a000 	C:\Program Files\Java\jdk1.8.0_202\jre\bin\net.dll
0x00007ffefce30000 - 0x00007ffefcff8000 	C:\WINDOWS\SYSTEM32\urlmon.dll
0x00007ffefe0a0000 - 0x00007ffefe347000 	C:\WINDOWS\SYSTEM32\iertutil.dll
0x00007fff0c460000 - 0x00007fff0c4c6000 	C:\WINDOWS\system32\mswsock.dll
0x00007fff0c1e0000 - 0x00007fff0c218000 	C:\WINDOWS\SYSTEM32\IPHLPAPI.DLL
0x00007fff0e990000 - 0x00007fff0e998000 	C:\WINDOWS\System32\NSI.dll
0x00007fff04dc0000 - 0x00007fff04dd6000 	C:\WINDOWS\SYSTEM32\dhcpcsvc6.DLL
0x00007fff05510000 - 0x00007fff0552a000 	C:\WINDOWS\SYSTEM32\dhcpcsvc.DLL
0x00007ffef9700000 - 0x00007ffef9712000 	C:\Program Files\Java\jdk1.8.0_202\jre\bin\nio.dll
0x00007fff0a010000 - 0x00007fff0a01a000 	C:\Users\Lenovo\AppData\Local\Temp\jansi-1.17-2608795113201215668.dll
0x00007fff075a0000 - 0x00007fff075aa000 	C:\Users\Lenovo\AppData\Local\Temp\jansi-1.17-4714673650223412964.dll
0x00007fff075d0000 - 0x00007fff075dd000 	C:\Program Files\Java\jdk1.8.0_202\jre\bin\management.dll
0x00007ffecc350000 - 0x00007ffecc366000 	C:\WINDOWS\system32\napinsp.dll
0x00007ffecc300000 - 0x00007ffecc31a000 	C:\WINDOWS\system32\pnrpnsp.dll
0x00007fff09eb0000 - 0x00007fff09ec9000 	C:\WINDOWS\system32\NLAapi.dll
0x00007fff0c220000 - 0x00007fff0c2de000 	C:\WINDOWS\SYSTEM32\DNSAPI.dll
0x00007ffecc2f0000 - 0x00007ffecc2fe000 	C:\WINDOWS\System32\winrnr.dll
0x00007fff06660000 - 0x00007fff06675000 	C:\WINDOWS\System32\wshbth.dll
0x00007ffefa890000 - 0x00007ffefa89a000 	C:\Windows\System32\rasadhlp.dll
0x00007ffefcbf0000 - 0x00007ffefcc62000 	C:\WINDOWS\System32\fwpuclnt.dll
0x00007ffeefc50000 - 0x00007ffeefc62000 	C:\Program Files\Java\jdk1.8.0_202\jre\bin\j2pkcs11.dll
0x00007ffed7370000 - 0x00007ffed7484000 	C:\Program Files\SafeNet\Protect Toolkit 5\Protect Toolkit C SDK\bin\sw\cryptoki.dll
0x00007ffef0350000 - 0x00007ffef0374000 	C:\Program Files\Java\jdk1.8.0_202\jre\bin\sunec.dll
0x00007fff06fc0000 - 0x00007fff06fcb000 	C:\Program Files\Java\jdk1.8.0_202\jre\bin\sunmscapi.dll
0x00007fff0db70000 - 0x00007fff0dd52000 	C:\WINDOWS\System32\CRYPT32.dll
0x00007fff0cc80000 - 0x00007fff0cc92000 	C:\WINDOWS\System32\MSASN1.dll
0x00007fff0a8f0000 - 0x00007fff0aab9000 	C:\WINDOWS\SYSTEM32\dbghelp.dll

VM Arguments:
jvm_args: -Dmaven.home=EMBEDDED -Dclassworlds.conf=C:\JAVA_DEVELOPER\zygen\.metadata\.plugins\org.eclipse.m2e.launching\launches\m2conf4920186466127090161.tmp -Dmaven.multiModuleProjectDirectory=C:\Users\Lenovo\git\repository\etax -Dfile.encoding=UTF-8 
java_command: org.codehaus.plexus.classworlds.launcher.Launcher -B spring-boot:run
java_class_path (initial): C:\JAVA_DEVELOPER\eclipseIDE\plugins\org.eclipse.m2e.maven.runtime_1.9.1.20180912-1600\jars\plexus-classworlds-2.5.2.jar
Launcher Type: SUN_STANDARD

Environment Variables:
JAVA_HOME=C:\Program Files\Java\jdk1.8.0_202
PATH=C:/Program Files/Java/jdk1.8.0_202/bin/../jre/bin/server;C:/Program Files/Java/jdk1.8.0_202/bin/../jre/bin;C:/Program Files/Java/jdk1.8.0_202/bin/../jre/lib/amd64;C:\Program Files (x86)\Intel\Intel(R) Management Engine Components\iCLS\;C:\Program Files\Intel\Intel(R) Management Engine Components\iCLS\;C:\Program Files\Java\jdk1.8.0_202\bin;C:\Program Files\Java\jdk1.8.0_202\lib;C:\JAVA_DEVELOPER\apache-maven-3.6.0\bin;C:\Program Files (x86)\Common Files\Oracle\Java\javapath;C:\WINDOWS\system32;C:\WINDOWS;C:\WINDOWS\System32\Wbem;C:\WINDOWS\System32\WindowsPowerShell\v1.0\;C:\WINDOWS\System32\OpenSSH\;C:\Program Files\Intel\WiFi\bin\;C:\Program Files\Common Files\Intel\WirelessCommon\;C:\Program Files (x86)\Brackets\command;C:\Program Files\Git\cmd;C:\Program Files (x86)\Intel\Intel(R) Management Engine Components\DAL;C:\Program Files\Intel\Intel(R) Management Engine Components\DAL;C:\Program Files\SafeNet\Protect Toolkit 5\Protect Toolkit C SDK\lib;C:\Program Files\SafeNet\Protect Toolkit 5\Protect Toolkit C SDK\bin;C:\Users\Lenovo\AppData\Local\Microsoft\WindowsApps;C:\Program Files\Intel\WiFi\bin\;C:\Program Files\Common Files\Intel\WirelessCommon\;C:\Program Files\heroku\bin;C:\JAVA_DEVELOPER\eclipseIDE;
USERNAME=Lenovo
OS=Windows_NT
PROCESSOR_IDENTIFIER=Intel64 Family 6 Model 142 Stepping 10, GenuineIntel



---------------  S Y S T E M  ---------------

OS: Windows 10.0 , 64 bit Build 17134 (10.0.17134.753)

CPU:total 8 (initial active 8) (4 cores per cpu, 2 threads per core) family 6 model 142 stepping 10, cmov, cx8, fxsr, mmx, sse, sse2, sse3, ssse3, sse4.1, sse4.2, popcnt, avx, avx2, aes, clmul, erms, 3dnowpref, lzcnt, ht, tsc, tscinvbit, bmi1, bmi2, adx

Memory: 4k page, physical 8239220k(3230836k free), swap 16627828k(7527260k free)

vm_info: Java HotSpot(TM) 64-Bit Server VM (25.202-b08) for windows-amd64 JRE (1.8.0_202-b08), built on Dec 15 2018 19:54:30 by "java_re" with MS VC++ 10.0 (VS2010)

time: Tue May 21 17:48:33 2019
timezone: SE Asia Standard Time
elapsed time: 6 seconds (0d 0h 0m 6s)

