#
# A fatal error has been detected by the Java Runtime Environment:
#
#  EXCEPTION_ACCESS_VIOLATION (0xc0000005) at pc=0x0000000071826292, pid=11228, tid=0x0000000000001610
#
# JRE version: Java(TM) SE Runtime Environment (8.0_202-b08) (build 1.8.0_202-b08)
# Java VM: Java HotSpot(TM) 64-Bit Server VM (25.202-b08 mixed mode windows-amd64 compressed oops)
# Problematic frame:
# V  [jvm.dll+0x146292]
#
# Failed to write core dump. Minidumps are not enabled by default on client versions of Windows
#
# If you would like to submit a bug report, please visit:
#   http://bugreport.java.com/bugreport/crash.jsp
#

---------------  T H R E A D  ---------------

Current thread (0x000000001dce5800):  JavaThread "main" [_thread_in_vm, id=5648, stack(0x000000001d6f0000,0x000000001d7f0000)]

siginfo: ExceptionCode=0xc0000005, reading address 0x0000000000000000

Registers:
RAX=0x0000000000000000, RBX=0x000000001dce5800, RCX=0x0000000000000580, RDX=0x0000000000000000
RSP=0x000000001d7ebf40, RBP=0x0000000000000000, RSI=0x0000000000000000, RDI=0x0000000000000000
R8 =0x0000000000000000, R9 =0x0000000000000000, R10=0x00000000026b8c3b, R11=0x000000007190cf20
R12=0x0000000000000000, R13=0x0000000000000000, R14=0x0000000000000000, R15=0x0000000000000000
RIP=0x0000000071826292, EFLAGS=0x0000000000010202

Top of Stack: (sp=0x000000001d7ebf40)
0x000000001d7ebf40:   00000000238e0038 00000000000000b7
0x000000001d7ebf50:   0000000000000000 0000000000000000
0x000000001d7ebf60:   000000001dce5800 0000000000000000
0x000000001d7ebf70:   000000001be1f720 000000007179d9ec
0x000000001d7ebf80:   000000001d7ec568 000000001d7ec080
0x000000001d7ebf90:   000000002389a3d8 000000002389a3d8
0x000000001d7ebfa0:   00000000000000b7 000000001dce5800
0x000000001d7ebfb0:   0000000000000000 00007ffef08268d5
0x000000001d7ebfc0:   000000001d7ec0c8 000000001dce59f8
0x000000001d7ebfd0:   0000000023897bc8 0000000000000000
0x000000001d7ebfe0:   fffffffe00000000 0000000000000000
0x000000001d7ebff0:   0000000000000000 000000001d7ec0f0
0x000000001d7ec000:   000000001dce5800 000000001d7ec160
0x000000001d7ec010:   000000001dce5800 000000001d7ec0f8
0x000000001d7ec020:   0000000023897d80 0000000000000000
0x000000001d7ec030:   0000000000000068 0000000040000020 

Instructions: (pc=0x0000000071826292)
0x0000000071826272:   89 5c 24 20 48 89 74 24 28 48 39 73 08 74 0a 48
0x0000000071826282:   8d 4c 24 20 e8 25 8b 13 00 40 38 35 ae 06 6d 00
0x0000000071826292:   48 8b 3f 48 63 05 f8 65 6b 00 74 1b 8b 0c 38 85
0x00000000718262a2:   c9 74 7c 8b c1 8b 0d ab 35 66 00 48 d3 e0 48 03 


Register to memory mapping:

RAX=0x0000000000000000 is an unknown value
RBX=0x000000001dce5800 is a thread
RCX=0x0000000000000580 is an unknown value
RDX=0x0000000000000000 is an unknown value
RSP=0x000000001d7ebf40 is pointing into the stack for thread: 0x000000001dce5800
RBP=0x0000000000000000 is an unknown value
RSI=0x0000000000000000 is an unknown value
RDI=0x0000000000000000 is an unknown value
R8 =0x0000000000000000 is an unknown value
R9 =0x0000000000000000 is an unknown value
R10=0x00000000026b8c3b is at code_begin+891 in an Interpreter codelet
method entry point (kind = native)  [0x00000000026b88c0, 0x00000000026b9280]  2496 bytes
R11=0x000000007190cf20 is an unknown value
R12=0x0000000000000000 is an unknown value
R13=0x0000000000000000 is an unknown value
R14=0x0000000000000000 is an unknown value
R15=0x0000000000000000 is an unknown value


Stack: [0x000000001d6f0000,0x000000001d7f0000],  sp=0x000000001d7ebf40,  free space=1007k
Native frames: (J=compiled Java code, j=interpreted, Vv=VM code, C=native code)

Java frames: (J=compiled Java code, j=interpreted, Vv=VM code)
j  sun.security.pkcs11.wrapper.PKCS11.connect(Ljava/lang/String;Ljava/lang/String;)V+0
j  sun.security.pkcs11.wrapper.PKCS11.<init>(Ljava/lang/String;Ljava/lang/String;)V+7
j  sun.security.pkcs11.wrapper.PKCS11$SynchronizedPKCS11.<init>(Ljava/lang/String;Ljava/lang/String;)V+3
j  sun.security.pkcs11.wrapper.PKCS11.getInstance(Ljava/lang/String;Ljava/lang/String;Lsun/security/pkcs11/wrapper/CK_C_INITIALIZE_ARGS;Z)Lsun/security/pkcs11/wrapper/PKCS11;+56
j  com.zygen.etax.util.EtaxToken.getConnection(Ljava/lang/String;Ljava/lang/String;Ljava/lang/String;Ljava/lang/String;Ljava/lang/String;)V+236
j  com.zygen.etax.util.EtaxToken.init()V+46
v  ~StubRoutines::call_stub
J 4465  sun.reflect.NativeMethodAccessorImpl.invoke0(Ljava/lang/reflect/Method;Ljava/lang/Object;[Ljava/lang/Object;)Ljava/lang/Object; (0 bytes) @ 0x00000000030a9abf [0x00000000030a9a40+0x7f]
J 3565 C1 sun.reflect.NativeMethodAccessorImpl.invoke(Ljava/lang/Object;[Ljava/lang/Object;)Ljava/lang/Object; (104 bytes) @ 0x0000000003369724 [0x0000000003368580+0x11a4]
J 5630 C2 java.lang.reflect.Method.invoke(Ljava/lang/Object;[Ljava/lang/Object;)Ljava/lang/Object; (62 bytes) @ 0x000000000377e0c0 [0x000000000377e020+0xa0]
j  org.springframework.beans.factory.annotation.InitDestroyAnnotationBeanPostProcessor$LifecycleElement.invoke(Ljava/lang/Object;)V+16
j  org.springframework.beans.factory.annotation.InitDestroyAnnotationBeanPostProcessor$LifecycleMetadata.invokeInitMethods(Ljava/lang/Object;Ljava/lang/String;)V+122
j  org.springframework.beans.factory.annotation.InitDestroyAnnotationBeanPostProcessor.postProcessBeforeInitialization(Ljava/lang/Object;Ljava/lang/String;)Ljava/lang/Object;+12
j  org.springframework.beans.factory.support.AbstractAutowireCapableBeanFactory.applyBeanPostProcessorsBeforeInitialization(Ljava/lang/Object;Ljava/lang/String;)Ljava/lang/Object;+39
j  org.springframework.beans.factory.support.AbstractAutowireCapableBeanFactory.initializeBean(Ljava/lang/String;Ljava/lang/Object;Lorg/springframework/beans/factory/support/RootBeanDefinition;)Ljava/lang/Object;+49
j  org.springframework.beans.factory.support.AbstractAutowireCapableBeanFactory.doCreateBean(Ljava/lang/String;Lorg/springframework/beans/factory/support/RootBeanDefinition;[Ljava/lang/Object;)Ljava/lang/Object;+245
j  org.springframework.beans.factory.support.AbstractAutowireCapableBeanFactory.createBean(Ljava/lang/String;Lorg/springframework/beans/factory/support/RootBeanDefinition;[Ljava/lang/Object;)Ljava/lang/Object;+169
j  org.springframework.beans.factory.support.AbstractBeanFactory.lambda$doGetBean$0(Ljava/lang/String;Lorg/springframework/beans/factory/support/RootBeanDefinition;[Ljava/lang/Object;)Ljava/lang/Object;+4
j  org.springframework.beans.factory.support.AbstractBeanFactory$$Lambda$102.getObject()Ljava/lang/Object;+16
j  org.springframework.beans.factory.support.DefaultSingletonBeanRegistry.getSingleton(Ljava/lang/String;Lorg/springframework/beans/factory/ObjectFactory;)Ljava/lang/Object;+132
j  org.springframework.beans.factory.support.AbstractBeanFactory.doGetBean(Ljava/lang/String;Ljava/lang/Class;[Ljava/lang/Object;Z)Ljava/lang/Object;+467
j  org.springframework.beans.factory.support.AbstractBeanFactory.getBean(Ljava/lang/String;)Ljava/lang/Object;+5
j  org.springframework.beans.factory.config.DependencyDescriptor.resolveCandidate(Ljava/lang/String;Ljava/lang/Class;Lorg/springframework/beans/factory/BeanFactory;)Ljava/lang/Object;+2
j  org.springframework.beans.factory.support.DefaultListableBeanFactory.doResolveDependency(Lorg/springframework/beans/factory/config/DependencyDescriptor;Ljava/lang/String;Ljava/util/Set;Lorg/springframework/beans/TypeConverter;)Ljava/lang/Object;+440
j  org.springframework.beans.factory.support.DefaultListableBeanFactory.resolveDependency(Lorg/springframework/beans/factory/config/DependencyDescriptor;Ljava/lang/String;Ljava/util/Set;Lorg/springframework/beans/TypeConverter;)Ljava/lang/Object;+108
j  org.springframework.beans.factory.annotation.AutowiredAnnotationBeanPostProcessor$AutowiredFieldElement.inject(Ljava/lang/Object;Ljava/lang/String;Lorg/springframework/beans/PropertyValues;)V+115
j  org.springframework.beans.factory.annotation.InjectionMetadata.inject(Ljava/lang/Object;Ljava/lang/String;Lorg/springframework/beans/PropertyValues;)V+116
j  org.springframework.beans.factory.annotation.AutowiredAnnotationBeanPostProcessor.postProcessProperties(Lorg/springframework/beans/PropertyValues;Ljava/lang/Object;Ljava/lang/String;)Lorg/springframework/beans/PropertyValues;+17
j  org.springframework.beans.factory.support.AbstractAutowireCapableBeanFactory.populateBean(Ljava/lang/String;Lorg/springframework/beans/factory/support/RootBeanDefinition;Lorg/springframework/beans/BeanWrapper;)V+305
j  org.springframework.beans.factory.support.AbstractAutowireCapableBeanFactory.doCreateBean(Ljava/lang/String;Lorg/springframework/beans/factory/support/RootBeanDefinition;[Ljava/lang/Object;)Ljava/lang/Object;+237
j  org.springframework.beans.factory.support.AbstractAutowireCapableBeanFactory.createBean(Ljava/lang/String;Lorg/springframework/beans/factory/support/RootBeanDefinition;[Ljava/lang/Object;)Ljava/lang/Object;+169
j  org.springframework.beans.factory.support.AbstractBeanFactory.lambda$doGetBean$0(Ljava/lang/String;Lorg/springframework/beans/factory/support/RootBeanDefinition;[Ljava/lang/Object;)Ljava/lang/Object;+4
j  org.springframework.beans.factory.support.AbstractBeanFactory$$Lambda$102.getObject()Ljava/lang/Object;+16
j  org.springframework.beans.factory.support.DefaultSingletonBeanRegistry.getSingleton(Ljava/lang/String;Lorg/springframework/beans/factory/ObjectFactory;)Ljava/lang/Object;+132
j  org.springframework.beans.factory.support.AbstractBeanFactory.doGetBean(Ljava/lang/String;Ljava/lang/Class;[Ljava/lang/Object;Z)Ljava/lang/Object;+467
j  org.springframework.beans.factory.support.AbstractBeanFactory.getBean(Ljava/lang/String;)Ljava/lang/Object;+5
j  org.springframework.beans.factory.config.DependencyDescriptor.resolveCandidate(Ljava/lang/String;Ljava/lang/Class;Lorg/springframework/beans/factory/BeanFactory;)Ljava/lang/Object;+2
j  org.springframework.beans.factory.support.DefaultListableBeanFactory.doResolveDependency(Lorg/springframework/beans/factory/config/DependencyDescriptor;Ljava/lang/String;Ljava/util/Set;Lorg/springframework/beans/TypeConverter;)Ljava/lang/Object;+440
j  org.springframework.beans.factory.support.DefaultListableBeanFactory.resolveDependency(Lorg/springframework/beans/factory/config/DependencyDescriptor;Ljava/lang/String;Ljava/util/Set;Lorg/springframework/beans/TypeConverter;)Ljava/lang/Object;+108
j  org.springframework.beans.factory.annotation.AutowiredAnnotationBeanPostProcessor$AutowiredFieldElement.inject(Ljava/lang/Object;Ljava/lang/String;Lorg/springframework/beans/PropertyValues;)V+115
j  org.springframework.beans.factory.annotation.InjectionMetadata.inject(Ljava/lang/Object;Ljava/lang/String;Lorg/springframework/beans/PropertyValues;)V+116
j  org.springframework.beans.factory.annotation.AutowiredAnnotationBeanPostProcessor.postProcessProperties(Lorg/springframework/beans/PropertyValues;Ljava/lang/Object;Ljava/lang/String;)Lorg/springframework/beans/PropertyValues;+17
j  org.springframework.beans.factory.support.AbstractAutowireCapableBeanFactory.populateBean(Ljava/lang/String;Lorg/springframework/beans/factory/support/RootBeanDefinition;Lorg/springframework/beans/BeanWrapper;)V+305
j  org.springframework.beans.factory.support.AbstractAutowireCapableBeanFactory.doCreateBean(Ljava/lang/String;Lorg/springframework/beans/factory/support/RootBeanDefinition;[Ljava/lang/Object;)Ljava/lang/Object;+237
j  org.springframework.beans.factory.support.AbstractAutowireCapableBeanFactory.createBean(Ljava/lang/String;Lorg/springframework/beans/factory/support/RootBeanDefinition;[Ljava/lang/Object;)Ljava/lang/Object;+169
j  org.springframework.beans.factory.support.AbstractBeanFactory.lambda$doGetBean$0(Ljava/lang/String;Lorg/springframework/beans/factory/support/RootBeanDefinition;[Ljava/lang/Object;)Ljava/lang/Object;+4
j  org.springframework.beans.factory.support.AbstractBeanFactory$$Lambda$102.getObject()Ljava/lang/Object;+16
j  org.springframework.beans.factory.support.DefaultSingletonBeanRegistry.getSingleton(Ljava/lang/String;Lorg/springframework/beans/factory/ObjectFactory;)Ljava/lang/Object;+132
j  org.springframework.beans.factory.support.AbstractBeanFactory.doGetBean(Ljava/lang/String;Ljava/lang/Class;[Ljava/lang/Object;Z)Ljava/lang/Object;+467
j  org.springframework.beans.factory.support.AbstractBeanFactory.getBean(Ljava/lang/String;)Ljava/lang/Object;+5
j  org.springframework.beans.factory.support.DefaultListableBeanFactory.preInstantiateSingletons()V+248
j  org.springframework.context.support.AbstractApplicationContext.finishBeanFactoryInitialization(Lorg/springframework/beans/factory/config/ConfigurableListableBeanFactory;)V+124
j  org.springframework.context.support.AbstractApplicationContext.refresh()V+54
j  org.springframework.boot.web.servlet.context.ServletWebServerApplicationContext.refresh()V+1
j  org.springframework.boot.SpringApplication.refresh(Lorg/springframework/context/ApplicationContext;)V+10
j  org.springframework.boot.SpringApplication.refreshContext(Lorg/springframework/context/ConfigurableApplicationContext;)V+2
j  org.springframework.boot.SpringApplication.run([Ljava/lang/String;)Lorg/springframework/context/ConfigurableApplicationContext;+118
j  org.springframework.boot.SpringApplication.run([Ljava/lang/Class;[Ljava/lang/String;)Lorg/springframework/context/ConfigurableApplicationContext;+9
j  org.springframework.boot.SpringApplication.run(Ljava/lang/Class;[Ljava/lang/String;)Lorg/springframework/context/ConfigurableApplicationContext;+9
j  com.zygen.etax.EtaxApplication.main([Ljava/lang/String;)V+3
v  ~StubRoutines::call_stub
j  sun.reflect.NativeMethodAccessorImpl.invoke0(Ljava/lang/reflect/Method;Ljava/lang/Object;[Ljava/lang/Object;)Ljava/lang/Object;+0
J 3565 C1 sun.reflect.NativeMethodAccessorImpl.invoke(Ljava/lang/Object;[Ljava/lang/Object;)Ljava/lang/Object; (104 bytes) @ 0x0000000003369724 [0x0000000003368580+0x11a4]
J 1872 C1 sun.reflect.DelegatingMethodAccessorImpl.invoke(Ljava/lang/Object;[Ljava/lang/Object;)Ljava/lang/Object; (10 bytes) @ 0x0000000002d08c44 [0x0000000002d08b40+0x104]
J 1862 C1 java.lang.reflect.Method.invoke(Ljava/lang/Object;[Ljava/lang/Object;)Ljava/lang/Object; (62 bytes) @ 0x0000000002d0136c [0x0000000002d00f80+0x3ec]
j  org.springframework.boot.maven.AbstractRunMojo$LaunchRunner.run()V+63
j  java.lang.Thread.run()V+11
v  ~StubRoutines::call_stub

---------------  P R O C E S S  ---------------

Java Threads: ( => current thread )
  0x000000001c848800 JavaThread "container-0" [_thread_blocked, id=6424, stack(0x0000000023700000,0x0000000023800000)]
  0x0000000020700000 JavaThread "Catalina-utility-2" [_thread_blocked, id=16740, stack(0x0000000023600000,0x0000000023700000)]
  0x000000001d908800 JavaThread "Catalina-utility-1" [_thread_blocked, id=15832, stack(0x0000000023230000,0x0000000023330000)]
=>0x000000001dce5800 JavaThread "main" [_thread_in_vm, id=5648, stack(0x000000001d6f0000,0x000000001d7f0000)]
  0x00000000194ad800 JavaThread "Service Thread" daemon [_thread_blocked, id=14592, stack(0x000000001a0b0000,0x000000001a1b0000)]
  0x000000001942e000 JavaThread "C1 CompilerThread3" daemon [_thread_blocked, id=2888, stack(0x0000000019fb0000,0x000000001a0b0000)]
  0x00000000193d8800 JavaThread "C2 CompilerThread2" daemon [_thread_in_native, id=14796, stack(0x0000000019eb0000,0x0000000019fb0000)]
  0x00000000193d7800 JavaThread "C2 CompilerThread1" daemon [_thread_blocked, id=10620, stack(0x0000000019db0000,0x0000000019eb0000)]
  0x00000000193d5000 JavaThread "C2 CompilerThread0" daemon [_thread_blocked, id=11872, stack(0x0000000019cb0000,0x0000000019db0000)]
  0x00000000193d0800 JavaThread "Attach Listener" daemon [_thread_blocked, id=6012, stack(0x0000000019bb0000,0x0000000019cb0000)]
  0x000000001941f800 JavaThread "Signal Dispatcher" daemon [_thread_blocked, id=18408, stack(0x0000000019ab0000,0x0000000019bb0000)]
  0x00000000193c0800 JavaThread "Finalizer" daemon [_thread_blocked, id=16576, stack(0x00000000198a0000,0x00000000199a0000)]
  0x00000000175ad800 JavaThread "Reference Handler" daemon [_thread_blocked, id=19264, stack(0x00000000197a0000,0x00000000198a0000)]
  0x00000000025a2800 JavaThread "main" [_thread_blocked, id=11680, stack(0x00000000024a0000,0x00000000025a0000)]

Other Threads:
  0x00000000175a9000 VMThread [stack: 0x00000000192a0000,0x00000000193a0000] [id=5880]
  0x00000000194e5000 WatcherThread [stack: 0x000000001a1b0000,0x000000001a2b0000] [id=15400]

VM state:not at safepoint (normal execution)

VM Mutex/Monitor currently owned by a thread: None

heap address: 0x0000000082400000, size: 2012 MB, Compressed Oops mode: 32-bit
Narrow klass base: 0x0000000000000000, Narrow klass shift: 3
Compressed class space size: 1073741824 Address: 0x0000000100000000

Heap:
 PSYoungGen      total 193024K, used 112523K [0x00000000d6180000, 0x00000000e7e80000, 0x0000000100000000)
  eden space 177664K, 63% used [0x00000000d6180000,0x00000000dcf62db0,0x00000000e0f00000)
  from space 15360K, 0% used [0x00000000e6f80000,0x00000000e6f80000,0x00000000e7e80000)
  to   space 16896K, 0% used [0x00000000e5d80000,0x00000000e5d80000,0x00000000e6e00000)
 ParOldGen       total 136192K, used 36652K [0x0000000082400000, 0x000000008a900000, 0x00000000d6180000)
  object space 136192K, 26% used [0x0000000082400000,0x00000000847cb240,0x000000008a900000)
 Metaspace       used 46453K, capacity 48198K, committed 48384K, reserved 1091584K
  class space    used 5895K, capacity 6304K, committed 6400K, reserved 1048576K

Card table byte_map: [0x0000000011a60000,0x0000000011e50000] byte_map_base: 0x000000001164e000

Marking Bits: (ParMarkBitMap*) 0x0000000071f05ce0
 Begin Bits: [0x00000000128f0000, 0x0000000014860000)
 End Bits:   [0x0000000014860000, 0x00000000167d0000)

Polling page: 0x0000000000aa0000

CodeCache: size=245760Kb used=17635Kb max_used=17667Kb free=228124Kb
 bounds [0x00000000026a0000, 0x0000000003800000, 0x00000000116a0000]
 total_blobs=5491 nmethods=5022 adapters=381
 compilation: enabled

Compilation events (10 events):
Event: 6.370 Thread 0x000000001942e000 nmethod 5859 0x0000000002c6eed0 code [0x0000000002c6f020, 0x0000000002c6f130]
Event: 6.370 Thread 0x000000001942e000 5860       3       java.net.URI::decode (370 bytes)
Event: 6.375 Thread 0x000000001942e000 nmethod 5860 0x00000000037e2650 code [0x00000000037e2b60, 0x00000000037e68f8]
Event: 6.375 Thread 0x000000001942e000 5861       1       java.util.ResourceBundle$CacheKey::hashCode (5 bytes)
Event: 6.375 Thread 0x000000001942e000 nmethod 5861 0x0000000002f5dfd0 code [0x0000000002f5e120, 0x0000000002f5e230]
Event: 6.375 Thread 0x000000001942e000 5862       3       java.net.URLClassLoader$1::run (5 bytes)
Event: 6.376 Thread 0x000000001942e000 nmethod 5862 0x0000000003489e10 code [0x0000000003489f80, 0x000000000348a108]
Event: 6.376 Thread 0x00000000193d5000 nmethod 5849 0x00000000037eb250 code [0x00000000037eb440, 0x00000000037ec010]
Event: 6.376 Thread 0x00000000193d5000 5858       4       java.net.URI$Parser::scan (50 bytes)
Event: 6.379 Thread 0x00000000193d7800 nmethod 5673 0x00000000037ecb90 code [0x00000000037ed0c0, 0x00000000037f3448]

GC Heap History (10 events):
Event: 3.000 GC heap before
{Heap before GC invocations=6 (full 0):
 PSYoungGen      total 70656K, used 70624K [0x00000000d6180000, 0x00000000dfb80000, 0x0000000100000000)
  eden space 65536K, 100% used [0x00000000d6180000,0x00000000da180000,0x00000000da180000)
  from space 5120K, 99% used [0x00000000da180000,0x00000000da678020,0x00000000da680000)
  to   space 13312K, 0% used [0x00000000dee80000,0x00000000dee80000,0x00000000dfb80000)
 ParOldGen       total 86016K, used 16641K [0x0000000082400000, 0x0000000087800000, 0x00000000d6180000)
  object space 86016K, 19% used [0x0000000082400000,0x0000000083440420,0x0000000087800000)
 Metaspace       used 17445K, capacity 17810K, committed 18176K, reserved 1064960K
  class space    used 2037K, capacity 2189K, committed 2304K, reserved 1048576K
Event: 3.014 GC heap after
Heap after GC invocations=6 (full 0):
 PSYoungGen      total 143872K, used 10169K [0x00000000d6180000, 0x00000000dfc80000, 0x0000000100000000)
  eden space 130560K, 0% used [0x00000000d6180000,0x00000000d6180000,0x00000000de100000)
  from space 13312K, 76% used [0x00000000dee80000,0x00000000df86e5b0,0x00000000dfb80000)
  to   space 13824K, 0% used [0x00000000de100000,0x00000000de100000,0x00000000dee80000)
 ParOldGen       total 86016K, used 16649K [0x0000000082400000, 0x0000000087800000, 0x00000000d6180000)
  object space 86016K, 19% used [0x0000000082400000,0x0000000083442420,0x0000000087800000)
 Metaspace       used 17445K, capacity 17810K, committed 18176K, reserved 1064960K
  class space    used 2037K, capacity 2189K, committed 2304K, reserved 1048576K
}
Event: 3.764 GC heap before
{Heap before GC invocations=7 (full 0):
 PSYoungGen      total 143872K, used 89138K [0x00000000d6180000, 0x00000000dfc80000, 0x0000000100000000)
  eden space 130560K, 60% used [0x00000000d6180000,0x00000000dae9e270,0x00000000de100000)
  from space 13312K, 76% used [0x00000000dee80000,0x00000000df86e5b0,0x00000000dfb80000)
  to   space 13824K, 0% used [0x00000000de100000,0x00000000de100000,0x00000000dee80000)
 ParOldGen       total 86016K, used 16649K [0x0000000082400000, 0x0000000087800000, 0x00000000d6180000)
  object space 86016K, 19% used [0x0000000082400000,0x0000000083442420,0x0000000087800000)
 Metaspace       used 20558K, capacity 21184K, committed 21296K, reserved 1069056K
  class space    used 2430K, capacity 2662K, committed 2688K, reserved 1048576K
Event: 3.783 GC heap after
Heap after GC invocations=7 (full 0):
 PSYoungGen      total 144384K, used 13079K [0x00000000d6180000, 0x00000000e7e80000, 0x0000000100000000)
  eden space 130560K, 0% used [0x00000000d6180000,0x00000000d6180000,0x00000000de100000)
  from space 13824K, 94% used [0x00000000de100000,0x00000000dedc5f78,0x00000000dee80000)
  to   space 15360K, 0% used [0x00000000e6f80000,0x00000000e6f80000,0x00000000e7e80000)
 ParOldGen       total 86016K, used 18335K [0x0000000082400000, 0x0000000087800000, 0x00000000d6180000)
  object space 86016K, 21% used [0x0000000082400000,0x00000000835e7cf0,0x0000000087800000)
 Metaspace       used 20558K, capacity 21184K, committed 21296K, reserved 1069056K
  class space    used 2430K, capacity 2662K, committed 2688K, reserved 1048576K
}
Event: 3.783 GC heap before
{Heap before GC invocations=8 (full 1):
 PSYoungGen      total 144384K, used 13079K [0x00000000d6180000, 0x00000000e7e80000, 0x0000000100000000)
  eden space 130560K, 0% used [0x00000000d6180000,0x00000000d6180000,0x00000000de100000)
  from space 13824K, 94% used [0x00000000de100000,0x00000000dedc5f78,0x00000000dee80000)
  to   space 15360K, 0% used [0x00000000e6f80000,0x00000000e6f80000,0x00000000e7e80000)
 ParOldGen       total 86016K, used 18335K [0x0000000082400000, 0x0000000087800000, 0x00000000d6180000)
  object space 86016K, 21% used [0x0000000082400000,0x00000000835e7cf0,0x0000000087800000)
 Metaspace       used 20558K, capacity 21184K, committed 21296K, reserved 1069056K
  class space    used 2430K, capacity 2662K, committed 2688K, reserved 1048576K
Event: 3.912 GC heap after
Heap after GC invocations=8 (full 1):
 PSYoungGen      total 144384K, used 0K [0x00000000d6180000, 0x00000000e7e80000, 0x0000000100000000)
  eden space 130560K, 0% used [0x00000000d6180000,0x00000000d6180000,0x00000000de100000)
  from space 13824K, 0% used [0x00000000de100000,0x00000000de100000,0x00000000dee80000)
  to   space 15360K, 0% used [0x00000000e6f80000,0x00000000e6f80000,0x00000000e7e80000)
 ParOldGen       total 86528K, used 25186K [0x0000000082400000, 0x0000000087880000, 0x00000000d6180000)
  object space 86528K, 29% used [0x0000000082400000,0x0000000083c98868,0x0000000087880000)
 Metaspace       used 20558K, capacity 21184K, committed 21296K, reserved 1069056K
  class space    used 2430K, capacity 2662K, committed 2688K, reserved 1048576K
}
Event: 4.893 GC heap before
{Heap before GC invocations=9 (full 1):
 PSYoungGen      total 144384K, used 116343K [0x00000000d6180000, 0x00000000e7e80000, 0x0000000100000000)
  eden space 130560K, 89% used [0x00000000d6180000,0x00000000dd31dec0,0x00000000de100000)
  from space 13824K, 0% used [0x00000000de100000,0x00000000de100000,0x00000000dee80000)
  to   space 15360K, 0% used [0x00000000e6f80000,0x00000000e6f80000,0x00000000e7e80000)
 ParOldGen       total 86528K, used 25186K [0x0000000082400000, 0x0000000087880000, 0x00000000d6180000)
  object space 86528K, 29% used [0x0000000082400000,0x0000000083c98868,0x0000000087880000)
 Metaspace       used 34321K, capacity 35268K, committed 35456K, reserved 1079296K
  class space    used 4331K, capacity 4641K, committed 4736K, reserved 1048576K
Event: 4.909 GC heap after
Heap after GC invocations=9 (full 1):
 PSYoungGen      total 193024K, used 15014K [0x00000000d6180000, 0x00000000e7e80000, 0x0000000100000000)
  eden space 177664K, 0% used [0x00000000d6180000,0x00000000d6180000,0x00000000e0f00000)
  from space 15360K, 97% used [0x00000000e6f80000,0x00000000e7e299e0,0x00000000e7e80000)
  to   space 16896K, 0% used [0x00000000e5d80000,0x00000000e5d80000,0x00000000e6e00000)
 ParOldGen       total 86528K, used 25194K [0x0000000082400000, 0x0000000087880000, 0x00000000d6180000)
  object space 86528K, 29% used [0x0000000082400000,0x0000000083c9a868,0x0000000087880000)
 Metaspace       used 34321K, capacity 35268K, committed 35456K, reserved 1079296K
  class space    used 4331K, capacity 4641K, committed 4736K, reserved 1048576K
}
Event: 4.909 GC heap before
{Heap before GC invocations=10 (full 2):
 PSYoungGen      total 193024K, used 15014K [0x00000000d6180000, 0x00000000e7e80000, 0x0000000100000000)
  eden space 177664K, 0% used [0x00000000d6180000,0x00000000d6180000,0x00000000e0f00000)
  from space 15360K, 97% used [0x00000000e6f80000,0x00000000e7e299e0,0x00000000e7e80000)
  to   space 16896K, 0% used [0x00000000e5d80000,0x00000000e5d80000,0x00000000e6e00000)
 ParOldGen       total 86528K, used 25194K [0x0000000082400000, 0x0000000087880000, 0x00000000d6180000)
  object space 86528K, 29% used [0x0000000082400000,0x0000000083c9a868,0x0000000087880000)
 Metaspace       used 34321K, capacity 35268K, committed 35456K, reserved 1079296K
  class space    used 4331K, capacity 4641K, committed 4736K, reserved 1048576K
Event: 4.976 GC heap after
Heap after GC invocations=10 (full 2):
 PSYoungGen      total 193024K, used 0K [0x00000000d6180000, 0x00000000e7e80000, 0x0000000100000000)
  eden space 177664K, 0% used [0x00000000d6180000,0x00000000d6180000,0x00000000e0f00000)
  from space 15360K, 0% used [0x00000000e6f80000,0x00000000e6f80000,0x00000000e7e80000)
  to   space 16896K, 0% used [0x00000000e5d80000,0x00000000e5d80000,0x00000000e6e00000)
 ParOldGen       total 136192K, used 36652K [0x0000000082400000, 0x000000008a900000, 0x00000000d6180000)
  object space 136192K, 26% used [0x0000000082400000,0x00000000847cb240,0x000000008a900000)
 Metaspace       used 34319K, capacity 35262K, committed 35456K, reserved 1079296K
  class space    used 4330K, capacity 4640K, committed 4736K, reserved 1048576K
}

Deoptimization events (10 events):
Event: 6.298 Thread 0x000000001dce5800 Uncommon trap: reason=unstable_if action=reinterpret pc=0x00000000035ac0f8 method=java.util.jar.JarFile.getInputStream(Ljava/util/zip/ZipEntry;)Ljava/io/InputStream; @ 8
Event: 6.298 Thread 0x000000001dce5800 Uncommon trap: reason=bimorphic action=maybe_recompile pc=0x000000000375f1c0 method=java.util.Hashtable.addEntry(ILjava/lang/Object;Ljava/lang/Object;I)V @ 28
Event: 6.299 Thread 0x000000001dce5800 Uncommon trap: reason=unstable_if action=reinterpret pc=0x00000000029f7570 method=java.util.jar.JarFile$JarFileEntry.getCodeSigners()[Ljava/security/CodeSigner; @ 24
Event: 6.300 Thread 0x000000001dce5800 Uncommon trap: reason=unstable_if action=reinterpret pc=0x000000000379b64c method=java.security.CodeSource.getCertificates()[Ljava/security/cert/Certificate; @ 22
Event: 6.301 Thread 0x000000001dce5800 Uncommon trap: reason=unstable_if action=reinterpret pc=0x00000000035f81dc method=java.security.CodeSource.getCertificates()[Ljava/security/cert/Certificate; @ 4
Event: 6.305 Thread 0x000000001dce5800 Uncommon trap: reason=unstable_if action=reinterpret pc=0x000000000372aefc method=java.security.CodeSource.matchCerts(Ljava/security/CodeSource;Z)Z @ 11
Event: 6.307 Thread 0x000000001dce5800 Uncommon trap: reason=unstable_if action=reinterpret pc=0x000000000372b47c method=java.security.CodeSource.matchCerts(Ljava/security/CodeSource;Z)Z @ 11
Event: 6.307 Thread 0x000000001dce5800 Uncommon trap: reason=unstable_if action=reinterpret pc=0x0000000002c2685c method=java.util.HashMap.putVal(ILjava/lang/Object;Ljava/lang/Object;ZZ)Ljava/lang/Object; @ 162
Event: 6.337 Thread 0x000000001dce5800 Uncommon trap: reason=unstable_if action=reinterpret pc=0x000000000358e49c method=java.util.jar.JarFile.maybeInstantiateVerifier()V @ 75
Event: 6.356 Thread 0x000000001dce5800 Uncommon trap: reason=unstable_if action=reinterpret pc=0x000000000348d808 method=java.util.jar.JarFile.maybeInstantiateVerifier()V @ 75

Classes redefined (0 events):
No events

Internal exceptions (10 events):
Event: 5.603 Thread 0x000000001dce5800 Exception <a 'java/lang/ClassNotFoundException': org/springframework/ws/config/annotation/WsConfigurationSupportCustomizer> (0x00000000d9aed7f0) thrown at [C:\re\workspace\8-2-build-windows-amd64-cygwin\jdk8u202\12323\hotspot\src\share\vm\classfile\system
Event: 5.603 Thread 0x000000001dce5800 Exception <a 'java/lang/ClassNotFoundException': org/springframework/ws/config/annotation/DelegatingWsConfigurationCustomizer> (0x00000000d9b07e30) thrown at [C:\re\workspace\8-2-build-windows-amd64-cygwin\jdk8u202\12323\hotspot\src\share\vm\classfile\sys
Event: 5.604 Thread 0x000000001dce5800 Exception <a 'java/lang/ClassNotFoundException': org/springframework/ws/config/annotation/DelegatingWsConfiguration$$EnhancerBySpringCGLIB$$bb29a2ccCustomizer> (0x00000000d9b288e0) thrown at [C:\re\workspace\8-2-build-windows-amd64-cygwin\jdk8u202\12323\h
Event: 5.606 Thread 0x000000001dce5800 Exception <a 'java/lang/ClassNotFoundException': org/springframework/context/annotation/ConfigurationClassEnhancer$EnhancedConfigurationCustomizer> (0x00000000d9b52038) thrown at [C:\re\workspace\8-2-build-windows-amd64-cygwin\jdk8u202\12323\hotspot\src\s
Event: 5.606 Thread 0x000000001dce5800 Exception <a 'java/lang/ClassNotFoundException': org/springframework/beans/factory/BeanFactoryAwareCustomizer> (0x00000000d9b64800) thrown at [C:\re\workspace\8-2-build-windows-amd64-cygwin\jdk8u202\12323\hotspot\src\share\vm\classfile\systemDictionary.cp
Event: 5.607 Thread 0x000000001dce5800 Exception <a 'java/lang/ClassNotFoundException': org/springframework/beans/factory/AwareCustomizer> (0x00000000d9b75e08) thrown at [C:\re\workspace\8-2-build-windows-amd64-cygwin\jdk8u202\12323\hotspot\src\share\vm\classfile\systemDictionary.cpp, line 210
Event: 5.607 Thread 0x000000001dce5800 Implicit null exception at 0x0000000002c1510c to 0x0000000002c15181
Event: 5.731 Thread 0x000000001dce5800 Implicit null exception at 0x00000000035e5d9f to 0x00000000035e5f2d
Event: 6.137 Thread 0x000000001dce5800 Exception <a 'java/io/FileNotFoundException'> (0x00000000dc39e548) thrown at [C:\re\workspace\8-2-build-windows-amd64-cygwin\jdk8u202\12323\hotspot\src\share\vm\prims\jni.cpp, line 710]
Event: 6.241 Thread 0x000000001dce5800 Exception <a 'java/io/FileNotFoundException'> (0x00000000dc8b4448) thrown at [C:\re\workspace\8-2-build-windows-amd64-cygwin\jdk8u202\12323\hotspot\src\share\vm\prims\jni.cpp, line 710]

Events (10 events):
Event: 6.375 loading class sun/security/util/Resources_en
Event: 6.375 loading class sun/security/util/Resources_en done
Event: 6.376 loading class sun/security/util/Resources_en_US
Event: 6.376 loading class sun/security/util/Resources_en_US done
Event: 6.376 loading class javax/security/auth/callback/PasswordCallback
Event: 6.376 loading class javax/security/auth/callback/Callback
Event: 6.376 loading class javax/security/auth/callback/Callback done
Event: 6.376 loading class javax/security/auth/callback/PasswordCallback done
Event: 6.376 loading class java/text/MessageFormat$Field
Event: 6.376 loading class java/text/MessageFormat$Field done


Dynamic libraries:
0x00007ff70a200000 - 0x00007ff70a237000 	C:\Program Files\Java\jdk1.8.0_202\bin\javaw.exe
0x00007fff108d0000 - 0x00007fff10ab1000 	C:\WINDOWS\SYSTEM32\ntdll.dll
0x00007fff0e690000 - 0x00007fff0e741000 	C:\WINDOWS\System32\KERNEL32.DLL
0x00007fff0d730000 - 0x00007fff0d9a3000 	C:\WINDOWS\System32\KERNELBASE.dll
0x00007fff0e1c0000 - 0x00007fff0e261000 	C:\WINDOWS\System32\ADVAPI32.dll
0x00007fff10760000 - 0x00007fff107fe000 	C:\WINDOWS\System32\msvcrt.dll
0x00007fff0e9a0000 - 0x00007fff0e9fb000 	C:\WINDOWS\System32\sechost.dll
0x00007fff0e090000 - 0x00007fff0e1b4000 	C:\WINDOWS\System32\RPCRT4.dll
0x00007fff0e780000 - 0x00007fff0e910000 	C:\WINDOWS\System32\USER32.dll
0x00007fff0d9b0000 - 0x00007fff0d9d0000 	C:\WINDOWS\System32\win32u.dll
0x00007fff10870000 - 0x00007fff10898000 	C:\WINDOWS\System32\GDI32.dll
0x00007fff0d9d0000 - 0x00007fff0db62000 	C:\WINDOWS\System32\gdi32full.dll
0x00007fff0cd20000 - 0x00007fff0cdbf000 	C:\WINDOWS\System32\msvcp_win.dll
0x00007fff0d4d0000 - 0x00007fff0d5c8000 	C:\WINDOWS\System32\ucrtbase.dll
0x00007ffefed80000 - 0x00007ffefefe9000 	C:\WINDOWS\WinSxS\amd64_microsoft.windows.common-controls_6595b64144ccf1df_6.0.17134.765_none_fb42a1a930655896\COMCTL32.dll
0x00007fff0dd60000 - 0x00007fff0e082000 	C:\WINDOWS\System32\combase.dll
0x00007fff0cca0000 - 0x00007fff0cd1a000 	C:\WINDOWS\System32\bcryptPrimitives.dll
0x00007fff0e750000 - 0x00007fff0e77d000 	C:\WINDOWS\System32\IMM32.DLL
0x00000000722a0000 - 0x0000000072372000 	C:\Program Files\Java\jdk1.8.0_202\jre\bin\msvcr100.dll
0x00000000716e0000 - 0x0000000071f85000 	C:\Program Files\Java\jdk1.8.0_202\jre\bin\server\jvm.dll
0x00007fff0e910000 - 0x00007fff0e918000 	C:\WINDOWS\System32\PSAPI.DLL
0x00007ffee6610000 - 0x00007ffee6619000 	C:\WINDOWS\SYSTEM32\WSOCK32.dll
0x00007fff077c0000 - 0x00007fff077e3000 	C:\WINDOWS\SYSTEM32\WINMM.dll
0x00007fff06630000 - 0x00007fff0663a000 	C:\WINDOWS\SYSTEM32\VERSION.dll
0x00007fff10800000 - 0x00007fff1086c000 	C:\WINDOWS\System32\WS2_32.dll
0x00007fff06e80000 - 0x00007fff06eaa000 	C:\WINDOWS\SYSTEM32\WINMMBASE.dll
0x00007fff0d5d0000 - 0x00007fff0d619000 	C:\WINDOWS\System32\cfgmgr32.dll
0x00007fff075f0000 - 0x00007fff075ff000 	C:\Program Files\Java\jdk1.8.0_202\jre\bin\verify.dll
0x00007fff06de0000 - 0x00007fff06e09000 	C:\Program Files\Java\jdk1.8.0_202\jre\bin\java.dll
0x00007ffeff460000 - 0x00007ffeff476000 	C:\Program Files\Java\jdk1.8.0_202\jre\bin\zip.dll
0x00007fff0f1a0000 - 0x00007fff105e0000 	C:\WINDOWS\System32\SHELL32.dll
0x00007fff0f010000 - 0x00007fff0f0b9000 	C:\WINDOWS\System32\shcore.dll
0x00007fff0cdc0000 - 0x00007fff0d4cd000 	C:\WINDOWS\System32\windows.storage.dll
0x00007fff0e930000 - 0x00007fff0e981000 	C:\WINDOWS\System32\shlwapi.dll
0x00007fff0cc10000 - 0x00007fff0cc21000 	C:\WINDOWS\System32\kernel.appcore.dll
0x00007fff0cbf0000 - 0x00007fff0cc0f000 	C:\WINDOWS\System32\profapi.dll
0x00007fff0cc30000 - 0x00007fff0cc7c000 	C:\WINDOWS\System32\powrprof.dll
0x00007fff0cbe0000 - 0x00007fff0cbea000 	C:\WINDOWS\System32\FLTLIB.DLL
0x00007fff0c610000 - 0x00007fff0c627000 	C:\WINDOWS\SYSTEM32\CRYPTSP.dll
0x00007fff0c040000 - 0x00007fff0c073000 	C:\WINDOWS\system32\rsaenh.dll
0x00007fff0c740000 - 0x00007fff0c765000 	C:\WINDOWS\SYSTEM32\bcrypt.dll
0x00007fff0cb10000 - 0x00007fff0cb38000 	C:\WINDOWS\SYSTEM32\USERENV.dll
0x00007fff0c630000 - 0x00007fff0c63b000 	C:\WINDOWS\SYSTEM32\CRYPTBASE.dll
0x00007ffef9720000 - 0x00007ffef973a000 	C:\Program Files\Java\jdk1.8.0_202\jre\bin\net.dll
0x00007ffefce30000 - 0x00007ffefcff8000 	C:\WINDOWS\SYSTEM32\urlmon.dll
0x00007ffefe0a0000 - 0x00007ffefe347000 	C:\WINDOWS\SYSTEM32\iertutil.dll
0x00007fff0c460000 - 0x00007fff0c4c6000 	C:\WINDOWS\system32\mswsock.dll
0x00007fff0c1e0000 - 0x00007fff0c218000 	C:\WINDOWS\SYSTEM32\IPHLPAPI.DLL
0x00007fff0e990000 - 0x00007fff0e998000 	C:\WINDOWS\System32\NSI.dll
0x00007fff04dc0000 - 0x00007fff04dd6000 	C:\WINDOWS\SYSTEM32\dhcpcsvc6.DLL
0x00007fff05510000 - 0x00007fff0552a000 	C:\WINDOWS\SYSTEM32\dhcpcsvc.DLL
0x00007ffef9700000 - 0x00007ffef9712000 	C:\Program Files\Java\jdk1.8.0_202\jre\bin\nio.dll
0x00007fff0a090000 - 0x00007fff0a09a000 	C:\Users\Lenovo\AppData\Local\Temp\jansi-1.17-7408218488503367841.dll
0x00007fff0a010000 - 0x00007fff0a01a000 	C:\Users\Lenovo\AppData\Local\Temp\jansi-1.17-7990773470524727999.dll
0x00007fff075d0000 - 0x00007fff075dd000 	C:\Program Files\Java\jdk1.8.0_202\jre\bin\management.dll
0x00007ffecc350000 - 0x00007ffecc366000 	C:\WINDOWS\system32\napinsp.dll
0x00007ffecc300000 - 0x00007ffecc31a000 	C:\WINDOWS\system32\pnrpnsp.dll
0x00007fff09eb0000 - 0x00007fff09ec9000 	C:\WINDOWS\system32\NLAapi.dll
0x00007fff0c220000 - 0x00007fff0c2de000 	C:\WINDOWS\SYSTEM32\DNSAPI.dll
0x00007ffecc2f0000 - 0x00007ffecc2fe000 	C:\WINDOWS\System32\winrnr.dll
0x00007fff06660000 - 0x00007fff06675000 	C:\WINDOWS\System32\wshbth.dll
0x00007ffefa890000 - 0x00007ffefa89a000 	C:\Windows\System32\rasadhlp.dll
0x00007ffefcbf0000 - 0x00007ffefcc62000 	C:\WINDOWS\System32\fwpuclnt.dll
0x00007ffef0820000 - 0x00007ffef0832000 	C:\Program Files\Java\jdk1.8.0_202\jre\bin\j2pkcs11.dll
0x00007ffed58e0000 - 0x00007ffed59f4000 	C:\Program Files\SafeNet\Protect Toolkit 5\Protect Toolkit C SDK\bin\sw\cryptoki.dll
0x00007ffef0350000 - 0x00007ffef0374000 	C:\Program Files\Java\jdk1.8.0_202\jre\bin\sunec.dll
0x00007fff06fc0000 - 0x00007fff06fcb000 	C:\Program Files\Java\jdk1.8.0_202\jre\bin\sunmscapi.dll
0x00007fff0db70000 - 0x00007fff0dd52000 	C:\WINDOWS\System32\CRYPT32.dll
0x00007fff0cc80000 - 0x00007fff0cc92000 	C:\WINDOWS\System32\MSASN1.dll
0x00007fff0a8f0000 - 0x00007fff0aab9000 	C:\WINDOWS\SYSTEM32\dbghelp.dll

VM Arguments:
jvm_args: -Dmaven.home=EMBEDDED -Dclassworlds.conf=C:\JAVA_DEVELOPER\zygen\.metadata\.plugins\org.eclipse.m2e.launching\launches\m2conf5881796937457274843.tmp -Dmaven.multiModuleProjectDirectory=C:\Users\Lenovo\git\repository\etax -Dfile.encoding=UTF-8 
java_command: org.codehaus.plexus.classworlds.launcher.Launcher -B spring-boot:run
java_class_path (initial): C:\JAVA_DEVELOPER\eclipseIDE\plugins\org.eclipse.m2e.maven.runtime_1.9.1.20180912-1600\jars\plexus-classworlds-2.5.2.jar
Launcher Type: SUN_STANDARD

Environment Variables:
JAVA_HOME=C:\Program Files\Java\jdk1.8.0_202
PATH=C:/Program Files/Java/jdk1.8.0_202/bin/../jre/bin/server;C:/Program Files/Java/jdk1.8.0_202/bin/../jre/bin;C:/Program Files/Java/jdk1.8.0_202/bin/../jre/lib/amd64;C:\Program Files (x86)\Intel\Intel(R) Management Engine Components\iCLS\;C:\Program Files\Intel\Intel(R) Management Engine Components\iCLS\;C:\Program Files\Java\jdk1.8.0_202\bin;C:\Program Files\Java\jdk1.8.0_202\lib;C:\JAVA_DEVELOPER\apache-maven-3.6.0\bin;C:\Program Files (x86)\Common Files\Oracle\Java\javapath;C:\WINDOWS\system32;C:\WINDOWS;C:\WINDOWS\System32\Wbem;C:\WINDOWS\System32\WindowsPowerShell\v1.0\;C:\WINDOWS\System32\OpenSSH\;C:\Program Files\Intel\WiFi\bin\;C:\Program Files\Common Files\Intel\WirelessCommon\;C:\Program Files (x86)\Brackets\command;C:\Program Files\Git\cmd;C:\Program Files (x86)\Intel\Intel(R) Management Engine Components\DAL;C:\Program Files\Intel\Intel(R) Management Engine Components\DAL;C:\Program Files\SafeNet\Protect Toolkit 5\Protect Toolkit C SDK\lib;C:\Program Files\SafeNet\Protect Toolkit 5\Protect Toolkit C SDK\bin;C:\Users\Lenovo\AppData\Local\Microsoft\WindowsApps;C:\Program Files\Intel\WiFi\bin\;C:\Program Files\Common Files\Intel\WirelessCommon\;C:\Program Files\heroku\bin;C:\JAVA_DEVELOPER\eclipseIDE;
USERNAME=Lenovo
OS=Windows_NT
PROCESSOR_IDENTIFIER=Intel64 Family 6 Model 142 Stepping 10, GenuineIntel



---------------  S Y S T E M  ---------------

OS: Windows 10.0 , 64 bit Build 17134 (10.0.17134.753)

CPU:total 8 (initial active 8) (4 cores per cpu, 2 threads per core) family 6 model 142 stepping 10, cmov, cx8, fxsr, mmx, sse, sse2, sse3, ssse3, sse4.1, sse4.2, popcnt, avx, avx2, aes, clmul, erms, 3dnowpref, lzcnt, ht, tsc, tscinvbit, bmi1, bmi2, adx

Memory: 4k page, physical 8239220k(2926464k free), swap 16627828k(7401820k free)

vm_info: Java HotSpot(TM) 64-Bit Server VM (25.202-b08) for windows-amd64 JRE (1.8.0_202-b08), built on Dec 15 2018 19:54:30 by "java_re" with MS VC++ 10.0 (VS2010)

time: Tue May 21 17:31:57 2019
timezone: SE Asia Standard Time
elapsed time: 6 seconds (0d 0h 0m 6s)

